<?xml version="1.0" encoding="UTF-8"?>
<robot generator="Robot 3.2.2 (Python 3.10.1 on darwin)" generated="20220324 15:21:46.959" rpa="false">
<suite id="s1" name="Connector Tests" source="/Users/developer/Projects/multi-connector/robottests/connectors/orfer-api/connector_tests.robot">
<test id="s1-t1" name="fetch, 200">
<kw name="Get Body">
<assign>
<var>${body}</var>
</assign>
<kw name="Copy Dictionary" library="Collections">
<doc>Returns a copy of the given dictionary.</doc>
<arguments>
<arg>${BROKER_BODY}</arg>
<arg>deepcopy=True</arg>
</arguments>
<assign>
<var>${body}</var>
</assign>
<msg timestamp="20220324 15:21:47.088" level="INFO">${body} = {'productCode': 'orfer-api', 'parameters': {'targetObject': [{'idLocal': 'C26C4E99-7870-40C7-BB49-EF71FE2AD8C3'}]}}</msg>
<status status="PASS" starttime="20220324 15:21:47.087" endtime="20220324 15:21:47.088"></status>
</kw>
<kw name="Get Current Date" library="DateTime">
<doc>Returns current local or UTC time with an optional increment.</doc>
<arguments>
<arg>time_zone=UTC</arg>
<arg>result_format=%Y-%m-%dT%H:%M:%S+00:00</arg>
</arguments>
<assign>
<var>${now}</var>
</assign>
<msg timestamp="20220324 15:21:47.088" level="INFO">${now} = 2022-03-24T13:21:47+00:00</msg>
<status status="PASS" starttime="20220324 15:21:47.088" endtime="20220324 15:21:47.088"></status>
</kw>
<kw name="Set To Dictionary" library="Collections">
<doc>Adds the given ``key_value_pairs`` and ``items`` to the ``dictionary``.</doc>
<arguments>
<arg>${body}</arg>
<arg>timestamp</arg>
<arg>${now}</arg>
</arguments>
<status status="PASS" starttime="20220324 15:21:47.088" endtime="20220324 15:21:47.088"></status>
</kw>
<kw name="Set To Dictionary" library="Collections">
<doc>Adds the given ``key_value_pairs`` and ``items`` to the ``dictionary``.</doc>
<arguments>
<arg>${body}</arg>
<arg>&amp;{kwargs}</arg>
</arguments>
<status status="PASS" starttime="20220324 15:21:47.088" endtime="20220324 15:21:47.088"></status>
</kw>
<kw name="Evaluate" library="BuiltIn">
<doc>Evaluates the given expression in Python and returns the result.</doc>
<arguments>
<arg>json.dumps(${body})</arg>
<arg>json</arg>
</arguments>
<assign>
<var>${json_string}</var>
</assign>
<msg timestamp="20220324 15:21:47.088" level="INFO">${json_string} = {"productCode": "orfer-api", "parameters": {"targetObject": [{"idLocal": "C26C4E99-7870-40C7-BB49-EF71FE2AD8C3"}]}, "timestamp": "2022-03-24T13:21:47+00:00"}</msg>
<status status="PASS" starttime="20220324 15:21:47.088" endtime="20220324 15:21:47.089"></status>
</kw>
<msg timestamp="20220324 15:21:47.089" level="INFO">${body} = {'productCode': 'orfer-api', 'parameters': {'targetObject': [{'idLocal': 'C26C4E99-7870-40C7-BB49-EF71FE2AD8C3'}]}, 'timestamp': '2022-03-24T13:21:47+00:00'}</msg>
<status status="PASS" starttime="20220324 15:21:47.087" endtime="20220324 15:21:47.089"></status>
</kw>
<kw name="Fetch Data Product">
<arguments>
<arg>${body}</arg>
</arguments>
<kw name="Calculate Pot Signature" library="PoTLib">
<arguments>
<arg>${body}</arg>
<arg>${CLIENT_SECRET}</arg>
</arguments>
<assign>
<var>${signature}</var>
</assign>
<msg timestamp="20220324 15:21:47.089" level="INFO">${signature} = QNOxvtBd/R9VHPD7rArHfmvEVsFnF9fTD3esP/DvyOk=</msg>
<status status="PASS" starttime="20220324 15:21:47.089" endtime="20220324 15:21:47.089"></status>
</kw>
<kw name="Set Headers" library="REST">
<tags>
<tag>settings</tag>
</tags>
<doc>*Sets new request headers or updates the existing.*</doc>
<arguments>
<arg>{"x-pot-signature": "${signature}", "x-app-token": "${APP_TOKEN}"}</arg>
</arguments>
<status status="PASS" starttime="20220324 15:21:47.089" endtime="20220324 15:21:47.089"></status>
</kw>
<kw name="POST" library="REST">
<tags>
<tag>http</tag>
</tags>
<doc>*Sends a POST request to the endpoint.*</doc>
<arguments>
<arg>${CONNECTOR_PATH}</arg>
<arg>${body}</arg>
</arguments>
<status status="PASS" starttime="20220324 15:21:47.089" endtime="20220324 15:21:51.652"></status>
</kw>
<kw name="Output Schema" library="REST">
<tags>
<tag>I/O</tag>
</tags>
<doc>*Outputs JSON Schema to terminal or a file.*</doc>
<arguments>
<arg>response body</arg>
</arguments>
<msg timestamp="20220324 15:21:51.656" level="INFO">
{
    "type": "object",
    "properties": {
        "@context": {
            "type": "string",
            "default": "https://standards.oftrust.net/v2/Schema/DataProductOutput/Equipment/Device/?v=1.0"
        },
        "data": {
            "type": "object",
            "properties": {
                "device": {
                    "type": "array",
                    "items": {
                        "type": "object",
                        "properties": {
                            "machineId": {
                                "type": "string"
                            },
                            "name": {
                                "type": "string"
                            },
                            "type": {
                                "type": "string"
                            },
                            "vendor": {
                                "type": "null"
                            },
                            "install_time": {
                                "type": "string"
                            },
                            "add_time": {
                                "type": "string"
                            },
                            "update_time": {
                                "type": "string"
                            },
                            "customerId": {
                                "type": "string"
                            },
                            "line": {
                                "type": "object",
                                "properties": {
                                    "lineId": {
                                        "type": "string"
                                    },
                                    "name": {
                                        "type": "string"
                                    },
                                    "add_time": {
                                        "type": "string"
                                    },
                                    "update_time": {
                                        "type": "string"
                                    },
                                    "factory": {
                                        "type": "object",
                                        "properties": {
                                            "factoryId": {
                                                "type": "string"
                                            },
                                            "name": {
                                                "type": "string"
                                            },
                                            "add_time": {
                                                "type": "string"
                                            },
                                            "update_time": {
                                                "type": "string"
                                            }
                                        },
                                        "required": [
                                            "add_time",
                                            "factoryId",
                                            "name",
                                            "update_time"
                                        ]
                                    }
                                },
                                "required": [
                                    "add_time",
                                    "factory",
                                    "lineId",
                                    "name",
                                    "update_time"
                                ]
                            },
                            "modules": {
                                "type": "array",
                                "items": {
                                    "type": "object",
                                    "properties": {
                                        "moduleId": {
                                            "type": "string"
                                        },
                                        "name": {
                                            "type": "string"
                                        },
                                        "type": {
                                            "type": "string"
                                        },
                                        "add_time": {
                                            "type": "string"
                                        },
                                        "update_time": {
                                            "type": "string"
                                        },
                                        "productionSpeed": {
                                            "type": "array"
                                        },
                                        "rundata": {
                                            "type": "array",
                                            "items": {
                                                "type": "object",
                                                "properties": {
                                                    "moduleId": {
                                                        "type": "string"
                                                    },
                                                    "timestamp": {
                                                        "type": "string"
                                                    },
                                                    "uptime": {
                                                        "type": "integer"
                                                    },
                                                    "effective": {
                                                        "type": "integer"
                                                    },
                                                    "downtime": {
                                                        "type": "integer"
                                                    },
                                                    "notInUse": {
                                                        "type": "integer"
                                                    },
                                                    "recipeName": {
                                                        "type": "string"
                                                    }
                                                },
                                                "required": [
                                                    "downtime",
                                                    "effective",
                                                    "moduleId",
                                                    "notInUse",
                                                    "recipeName",
                                                    "timestamp",
                                                    "uptime"
                                                ]
                                            }
                                        }
                                    },
                                    "required": [
                                        "add_time",
                                        "moduleId",
                                        "name",
                                        "productionSpeed",
                                        "rundata",
                                        "type",
                                        "update_time"
                                    ]
                                }
                            },
                            "counters": {
                                "type": "array",
                                "items": {
                                    "type": "object",
                                    "properties": {
                                        "counterId": {
                                            "type": "string"
                                        },
                                        "name": {
                                            "type": "string"
                                        },
                                        "type": {
                                            "type": "string"
                                        },
                                        "add_time": {
                                            "type": "string"
                                        },
                                        "update_time": {
                                            "type": "string"
                                        },
                                        "productionCounter": {
                                            "type": "array",
                                            "items": {
                                                "type": "object",
                                                "properties": {
                                                    "counterId": {
                                                        "type": "string"
                                                    },
                                                    "produced": {
                                                        "type": "integer"
                                                    },
                                                    "defect": {
                                                        "type": "integer"
                                                    },
                                                    "timestamp": {
                                                        "type": "string"
                                                    },
                                                    "recipeName": {
                                                        "type": "string"
                                                    }
                                                },
                                                "required": [
                                                    "counterId",
                                                    "defect",
                                                    "produced",
                                                    "recipeName",
                                                    "timestamp"
                                                ]
                                            }
                                        }
                                    },
                                    "required": [
                                        "add_time",
                                        "counterId",
                                        "name",
                                        "productionCounter",
                                        "type",
                                        "update_time"
                                    ]
                                }
                            },
                            "productionOverview": {
                                "type": "array",
                                "items": {
                                    "type": "object",
                                    "properties": {
                                        "recipeName": {
                                            "type": "string"
                                        },
                                        "produced": {
                                            "type": "integer"
                                        },
                                        "defect": {
                                            "type": "integer"
                                        },
                                        "uptime": {
                                            "type": "integer"
                                        },
                                        "effective": {
                                            "type": "integer"
                                        },
                                        "downtime": {
                                            "type": "integer"
                                        },
                                        "notInUse": {
                                            "type": "integer"
                                        }
                                    },
                                    "required": [
                                        "defect",
                                        "downtime",
                                        "effective",
                                        "notInUse",
                                        "produced",
                                        "recipeName",
                                        "uptime"
                                    ]
                                }
                            },
                            "shiftOverview": {
                                "type": "array",
                                "items": {
                                    "type": "object",
                                    "properties": {
                                        "shiftStart": {
                                            "type": "string"
                                        },
                                        "shiftEnd": {
                                            "type": "string"
                                        },
                                        "recipes": {
                                            "type": "array",
                                            "items": {
                                                "type": "object",
                                                "properties": {
                                                    "recipeName": {
                                                        "type": "string"
                                                    },
                                                    "produced": {
                                                        "type": "integer"
                                                    },
                                                    "defect": {
                                                        "type": "integer"
                                                    },
                                                    "uptime": {
                                                        "type": "integer"
                                                    },
                                                    "effective": {
                                                        "type": "integer"
                                                    },
                                                    "downtime": {
                                                        "type": "integer"
                                                    },
                                                    "notInUse": {
                                                        "type": "integer"
                                                    }
                                                },
                                                "required": [
                                                    "defect",
                                                    "downtime",
                                                    "effective",
                                                    "notInUse",
                                                    "produced",
                                                    "recipeName",
                                                    "uptime"
                                                ]
                                            }
                                        }
                                    },
                                    "required": [
                                        "recipes",
                                        "shiftEnd",
                                        "shiftStart"
                                    ]
                                }
                            }
                        },
                        "required": [
                            "add_time",
                            "counters",
                            "customerId",
                            "install_time",
                            "line",
                            "machineId",
                            "modules",
                            "name",
                            "productionOverview",
                            "shiftOverview",
                            "type",
                            "update_time",
                            "vendor"
                        ]
                    },
                    "default": [
                        {
                            "machineId": "BCB31C3F-0C24-433A-88CB-4A69C34AA159",
                            "name": "Laser 1",
                            "type": "1",
                            "vendor": null,
                            "install_time": "2021-12-20T11:05:43.39+00:00",
                            "add_time": "0001-01-01T00:00:00+00:00",
                            "update_time": "0001-01-01T00:00:00+00:00",
                            "customerId": "C26C4E99-7870-40C7-BB49-EF71FE2AD8C3",
                            "line": {
                                "lineId": "3A2E09BB-BEA1-482D-8D5D-6A57AB628AD4",
                                "name": "Cutting",
                                "add_time": "0001-01-01T00:00:00+00:00",
                                "update_time": "0001-01-01T00:00:00+00:00",
                                "factory": {
                                    "factoryId": "89A9F96E-EB74-400A-A377-A593AB88312A",
                                    "name": "Orimattila",
                                    "add_time": "2021-12-20T09:05:29.3466667+00:00",
                                    "update_time": "2021-12-20T09:05:29.3466667+00:00"
                                }
                            },
                            "modules": [
                                {
                                    "moduleId": "9CDB80C9-3002-4AAF-8ACA-D2B456CB26A6",
                                    "name": "General",
                                    "type": "0",
                                    "add_time": "0001-01-01T00:00:00+00:00",
                                    "update_time": "0001-01-01T00:00:00+00:00",
                                    "productionSpeed": [],
                                    "rundata": []
                                }
                            ],
                            "counters": [
                                {
                                    "counterId": "C5327DFB-3348-46E6-AF96-7CB622276FD1",
                                    "name": "Produced",
                                    "type": "0",
                                    "add_time": "2022-02-15T00:00:00+00:00",
                                    "update_time": "2022-02-15T00:00:00+00:00",
                                    "productionCounter": []
                                }
                            ],
                            "productionOverview": [],
                            "shiftOverview": []
                        },
                        {
                            "machineId": "7C2B0237-1141-4448-91BE-BFC7F7923034",
                            "name": "FWS",
                            "type": "1",
                            "vendor": null,
                            "install_time": "2021-12-20T11:04:57.7+00:00",
                            "add_time": "0001-01-01T00:00:00+00:00",
                            "update_time": "0001-01-01T00:00:00+00:00",
                            "customerId": "C26C4E99-7870-40C7-BB49-EF71FE2AD8C3",
                            "line": {
                                "lineId": "93DB4866-E649-4464-BB72-B91B0665F091",
                                "name": "Welding",
                                "add_time": "0001-01-01T00:00:00+00:00",
                                "update_time": "0001-01-01T00:00:00+00:00",
                                "factory": {
                                    "factoryId": "89A9F96E-EB74-400A-A377-A593AB88312A",
                                    "name": "Orimattila",
                                    "add_time": "2021-12-20T09:05:29.3466667+00:00",
                                    "update_time": "2021-12-20T09:05:29.3466667+00:00"
                                }
                            },
                            "modules": [
                                {
                                    "moduleId": "32CD52B9-F6C9-4C79-80A6-CAF9D12FB2A1",
                                    "name": "Transfer car",
                                    "type": "0",
                                    "add_time": "0001-01-01T00:00:00+00:00",
                                    "update_time": "0001-01-01T00:00:00+00:00",
                                    "productionSpeed": [],
                                    "rundata": []
                                },
                                {
                                    "moduleId": "87DC5FF2-E405-4CB1-92AF-E93339CE9851",
                                    "name": "Robot",
                                    "type": "0",
                                    "add_time": "0001-01-01T00:00:00+00:00",
                                    "update_time": "0001-01-01T00:00:00+00:00",
                                    "productionSpeed": [],
                                    "rundata": [
                                        {
                                            "moduleId": "87DC5FF2-E405-4CB1-92AF-E93339CE9851",
                                            "timestamp": "2022-03-22T13:15:00+00:00",
                                            "uptime": 417,
                                            "effective": 0,
                                            "downtime": 63,
                                            "notInUse": 0,
                                            "recipeName": "31"
                                        },
                                        {
                                            "moduleId": "87DC5FF2-E405-4CB1-92AF-E93339CE9851",
                                            "timestamp": "2022-03-22T13:30:00+00:00",
                                            "uptime": 331,
                                            "effective": 509,
                                            "downtime": 0,
                                            "notInUse": 0,
                                            "recipeName": "31"
                                        },
                                        {
                                            "moduleId": "87DC5FF2-E405-4CB1-92AF-E93339CE9851",
                                            "timestamp": "2022-03-22T13:45:00+00:00",
                                            "uptime": 867,
                                            "effective": 33,
                                            "downtime": 0,
                                            "notInUse": 0,
                                            "recipeName": "31"
                                        },
                                        {
                                            "moduleId": "87DC5FF2-E405-4CB1-92AF-E93339CE9851",
                                            "timestamp": "2022-03-22T14:00:00+00:00",
                                            "uptime": 363,
                                            "effective": 537,
                                            "downtime": 0,
                                            "notInUse": 0,
                                            "recipeName": "31"
                                        },
                                        {
                                            "moduleId": "87DC5FF2-E405-4CB1-92AF-E93339CE9851",
                                            "timestamp": "2022-03-22T14:15:00+00:00",
                                            "uptime": 91,
                                            "effective": 0,
                                            "downtime": 13,
                                            "notInUse": 796,
                                            "recipeName": "31"
                                        },
                                        {
                                            "moduleId": "87DC5FF2-E405-4CB1-92AF-E93339CE9851",
                                            "timestamp": "2022-03-22T14:30:00+00:00",
                                            "uptime": 0,
                                            "effective": 0,
                                            "downtime": 0,
                                            "notInUse": 900,
                                            "recipeName": "31"
                                        },
                                        {
                                            "moduleId": "87DC5FF2-E405-4CB1-92AF-E93339CE9851",
                                            "timestamp": "2022-03-22T14:45:00+00:00",
                                            "uptime": 0,
                                            "effective": 0,
                                            "downtime": 0,
                                            "notInUse": 900,
                                            "recipeName": "31"
                                        },
                                        {
                                            "moduleId": "87DC5FF2-E405-4CB1-92AF-E93339CE9851",
                                            "timestamp": "2022-03-22T15:00:00+00:00",
                                            "uptime": 0,
                                            "effective": 0,
                                            "downtime": 0,
                                            "notInUse": 900,
                                            "recipeName": "31"
                                        },
                                        {
                                            "moduleId": "87DC5FF2-E405-4CB1-92AF-E93339CE9851",
                                            "timestamp": "2022-03-22T15:15:00+00:00",
                                            "uptime": 0,
                                            "effective": 0,
                                            "downtime": 0,
                                            "notInUse": 900,
                                            "recipeName": "31"
                                        },
                                        {
                                            "moduleId": "87DC5FF2-E405-4CB1-92AF-E93339CE9851",
                                            "timestamp": "2022-03-22T15:30:00+00:00",
                                            "uptime": 0,
                                            "effective": 0,
                                            "downtime": 0,
                                            "notInUse": 900,
                                            "recipeName": "31"
                                        },
                                        {
                                            "moduleId": "87DC5FF2-E405-4CB1-92AF-E93339CE9851",
                                            "timestamp": "2022-03-22T15:45:00+00:00",
                                            "uptime": 0,
                                            "effective": 0,
                                            "downtime": 0,
                                            "notInUse": 900,
                                            "recipeName": "31"
                                        },
                                        {
                                            "moduleId": "87DC5FF2-E405-4CB1-92AF-E93339CE9851",
                                            "timestamp": "2022-03-22T16:00:00+00:00",
                                            "uptime": 0,
                                            "effective": 0,
                                            "downtime": 0,
                                            "notInUse": 900,
                                            "recipeName": "31"
                                        },
                                        {
                                            "moduleId": "87DC5FF2-E405-4CB1-92AF-E93339CE9851",
                                            "timestamp": "2022-03-22T16:15:00+00:00",
                                            "uptime": 0,
                                            "effective": 0,
                                            "downtime": 0,
                                            "notInUse": 900,
                                            "recipeName": "31"
                                        },
                                        {
                                            "moduleId": "87DC5FF2-E405-4CB1-92AF-E93339CE9851",
                                            "timestamp": "2022-03-22T16:30:00+00:00",
                                            "uptime": 0,
                                            "effective": 0,
                                            "downtime": 0,
                                            "notInUse": 900,
                                            "recipeName": "31"
                                        },
                                        {
                                            "moduleId": "87DC5FF2-E405-4CB1-92AF-E93339CE9851",
                                            "timestamp": "2022-03-22T16:45:00+00:00",
                                            "uptime": 0,
                                            "effective": 0,
                                            "downtime": 0,
                                            "notInUse": 900,
                                            "recipeName": "31"
                                        },
                                        {
                                            "moduleId": "87DC5FF2-E405-4CB1-92AF-E93339CE9851",
                                            "timestamp": "2022-03-22T17:00:00+00:00",
                                            "uptime": 0,
                                            "effective": 0,
                                            "downtime": 0,
                                            "notInUse": 900,
                                            "recipeName": "31"
                                        },
                                        {
                                            "moduleId": "87DC5FF2-E405-4CB1-92AF-E93339CE9851",
                                            "timestamp": "2022-03-22T17:15:00+00:00",
                                            "uptime": 0,
                                            "effective": 0,
                                            "downtime": 0,
                                            "notInUse": 900,
                                            "recipeName": "31"
                                        },
                                        {
                                            "moduleId": "87DC5FF2-E405-4CB1-92AF-E93339CE9851",
                                            "timestamp": "2022-03-22T17:30:00+00:00",
                                            "uptime": 0,
                                            "effective": 0,
                                            "downtime": 0,
                                            "notInUse": 900,
                                            "recipeName": "31"
                                        },
                                        {
                                            "moduleId": "87DC5FF2-E405-4CB1-92AF-E93339CE9851",
                                            "timestamp": "2022-03-22T17:45:00+00:00",
                                            "uptime": 0,
                                            "effective": 0,
                                            "downtime": 0,
                                            "notInUse": 900,
                                            "recipeName": "31"
                                        },
                                        {
                                            "moduleId": "87DC5FF2-E405-4CB1-92AF-E93339CE9851",
                                            "timestamp": "2022-03-22T18:00:00+00:00",
                                            "uptime": 0,
                                            "effective": 0,
                                            "downtime": 0,
                                            "notInUse": 900,
                                            "recipeName": "31"
                                        },
                                        {
                                            "moduleId": "87DC5FF2-E405-4CB1-92AF-E93339CE9851",
                                            "timestamp": "2022-03-22T18:15:00+00:00",
                                            "uptime": 0,
                                            "effective": 0,
                                            "downtime": 0,
                                            "notInUse": 900,
                                            "recipeName": "31"
                                        },
                                        {
                                            "moduleId": "87DC5FF2-E405-4CB1-92AF-E93339CE9851",
                                            "timestamp": "2022-03-22T18:30:00+00:00",
                                            "uptime": 0,
                                            "effective": 0,
                                            "downtime": 0,
                                            "notInUse": 900,
                                            "recipeName": "31"
                                        },
                                        {
                                            "moduleId": "87DC5FF2-E405-4CB1-92AF-E93339CE9851",
                                            "timestamp": "2022-03-22T18:45:00+00:00",
                                            "uptime": 0,
                                            "effective": 0,
                                            "downtime": 0,
                                            "notInUse": 900,
                                            "recipeName": "31"
                                        },
                                        {
                                            "moduleId": "87DC5FF2-E405-4CB1-92AF-E93339CE9851",
                                            "timestamp": "2022-03-22T19:00:00+00:00",
                                            "uptime": 0,
                                            "effective": 0,
                                            "downtime": 0,
                                            "notInUse": 900,
                                            "recipeName": "31"
                                        },
                                        {
                                            "moduleId": "87DC5FF2-E405-4CB1-92AF-E93339CE9851",
                                            "timestamp": "2022-03-22T19:15:00+00:00",
                                            "uptime": 0,
                                            "effective": 0,
                                            "downtime": 0,
                                            "notInUse": 900,
                                            "recipeName": "31"
                                        },
                                        {
                                            "moduleId": "87DC5FF2-E405-4CB1-92AF-E93339CE9851",
                                            "timestamp": "2022-03-22T19:30:00+00:00",
                                            "uptime": 0,
                                            "effective": 0,
                                            "downtime": 0,
                                            "notInUse": 900,
                                            "recipeName": "31"
                                        },
                                        {
                                            "moduleId": "87DC5FF2-E405-4CB1-92AF-E93339CE9851",
                                            "timestamp": "2022-03-22T19:45:00+00:00",
                                            "uptime": 0,
                                            "effective": 0,
                                            "downtime": 0,
                                            "notInUse": 900,
                                            "recipeName": "31"
                                        },
                                        {
                                            "moduleId": "87DC5FF2-E405-4CB1-92AF-E93339CE9851",
                                            "timestamp": "2022-03-22T20:00:00+00:00",
                                            "uptime": 0,
                                            "effective": 0,
                                            "downtime": 0,
                                            "notInUse": 900,
                                            "recipeName": "31"
                                        },
                                        {
                                            "moduleId": "87DC5FF2-E405-4CB1-92AF-E93339CE9851",
                                            "timestamp": "2022-03-22T20:15:00+00:00",
                                            "uptime": 0,
                                            "effective": 0,
                                            "downtime": 0,
                                            "notInUse": 900,
                                            "recipeName": "31"
                                        },
                                        {
                                            "moduleId": "87DC5FF2-E405-4CB1-92AF-E93339CE9851",
                                            "timestamp": "2022-03-22T20:30:00+00:00",
                                            "uptime": 0,
                                            "effective": 0,
                                            "downtime": 0,
                                            "notInUse": 900,
                                            "recipeName": "31"
                                        },
                                        {
                                            "moduleId": "87DC5FF2-E405-4CB1-92AF-E93339CE9851",
                                            "timestamp": "2022-03-22T20:45:00+00:00",
                                            "uptime": 0,
                                            "effective": 0,
                                            "downtime": 0,
                                            "notInUse": 900,
                                            "recipeName": "31"
                                        },
                                        {
                                            "moduleId": "87DC5FF2-E405-4CB1-92AF-E93339CE9851",
                                            "timestamp": "2022-03-22T21:00:00+00:00",
                                            "uptime": 0,
                                            "effective": 0,
                                            "downtime": 0,
                                            "notInUse": 900,
                                            "recipeName": "31"
                                        },
                                        {
                                            "moduleId": "87DC5FF2-E405-4CB1-92AF-E93339CE9851",
                                            "timestamp": "2022-03-22T21:15:00+00:00",
                                            "uptime": 0,
                                            "effective": 0,
                                            "downtime": 0,
                                            "notInUse": 900,
                                            "recipeName": "31"
                                        },
                                        {
                                            "moduleId": "87DC5FF2-E405-4CB1-92AF-E93339CE9851",
                                            "timestamp": "2022-03-22T21:30:00+00:00",
                                            "uptime": 0,
                                            "effective": 0,
                                            "downtime": 0,
                                            "notInUse": 900,
                                            "recipeName": "31"
                                        },
                                        {
                                            "moduleId": "87DC5FF2-E405-4CB1-92AF-E93339CE9851",
                                            "timestamp": "2022-03-22T21:45:00+00:00",
                                            "uptime": 0,
                                            "effective": 0,
                                            "downtime": 0,
                                            "notInUse": 900,
                                            "recipeName": "31"
                                        },
                                        {
                                            "moduleId": "87DC5FF2-E405-4CB1-92AF-E93339CE9851",
                                            "timestamp": "2022-03-22T22:00:00+00:00",
                                            "uptime": 0,
                                            "effective": 0,
                                            "downtime": 0,
                                            "notInUse": 900,
                                            "recipeName": "31"
                                        },
                                        {
                                            "moduleId": "87DC5FF2-E405-4CB1-92AF-E93339CE9851",
                                            "timestamp": "2022-03-22T22:15:00+00:00",
                                            "uptime": 0,
                                            "effective": 0,
                                            "downtime": 0,
                                            "notInUse": 900,
                                            "recipeName": "31"
                                        },
                                        {
                                            "moduleId": "87DC5FF2-E405-4CB1-92AF-E93339CE9851",
                                            "timestamp": "2022-03-22T22:30:00+00:00",
                                            "uptime": 0,
                                            "effective": 0,
                                            "downtime": 0,
                                            "notInUse": 900,
                                            "recipeName": "31"
                                        },
                                        {
                                            "moduleId": "87DC5FF2-E405-4CB1-92AF-E93339CE9851",
                                            "timestamp": "2022-03-22T22:45:00+00:00",
                                            "uptime": 0,
                                            "effective": 0,
                                            "downtime": 0,
                                            "notInUse": 900,
                                            "recipeName": "31"
                                        },
                                        {
                                            "moduleId": "87DC5FF2-E405-4CB1-92AF-E93339CE9851",
                                            "timestamp": "2022-03-22T23:00:00+00:00",
                                            "uptime": 0,
                                            "effective": 0,
                                            "downtime": 0,
                                            "notInUse": 900,
                                            "recipeName": "31"
                                        },
                                        {
                                            "moduleId": "87DC5FF2-E405-4CB1-92AF-E93339CE9851",
                                            "timestamp": "2022-03-22T23:15:00+00:00",
                                            "uptime": 0,
                                            "effective": 0,
                                            "downtime": 0,
                                            "notInUse": 900,
                                            "recipeName": "31"
                                        },
                                        {
                                            "moduleId": "87DC5FF2-E405-4CB1-92AF-E93339CE9851",
                                            "timestamp": "2022-03-22T23:30:00+00:00",
                                            "uptime": 0,
                                            "effective": 0,
                                            "downtime": 0,
                                            "notInUse": 900,
                                            "recipeName": "31"
                                        },
                                        {
                                            "moduleId": "87DC5FF2-E405-4CB1-92AF-E93339CE9851",
                                            "timestamp": "2022-03-22T23:45:00+00:00",
                                            "uptime": 0,
                                            "effective": 0,
                                            "downtime": 0,
                                            "notInUse": 900,
                                            "recipeName": "31"
                                        },
                                        {
                                            "moduleId": "87DC5FF2-E405-4CB1-92AF-E93339CE9851",
                                            "timestamp": "2022-03-23T00:00:00+00:00",
                                            "uptime": 0,
                                            "effective": 0,
                                            "downtime": 0,
                                            "notInUse": 900,
                                            "recipeName": "31"
                                        },
                                        {
                                            "moduleId": "87DC5FF2-E405-4CB1-92AF-E93339CE9851",
                                            "timestamp": "2022-03-23T00:15:00+00:00",
                                            "uptime": 0,
                                            "effective": 0,
                                            "downtime": 0,
                                            "notInUse": 900,
                                            "recipeName": "31"
                                        },
                                        {
                                            "moduleId": "87DC5FF2-E405-4CB1-92AF-E93339CE9851",
                                            "timestamp": "2022-03-23T00:30:00+00:00",
                                            "uptime": 0,
                                            "effective": 0,
                                            "downtime": 0,
                                            "notInUse": 900,
                                            "recipeName": "31"
                                        },
                                        {
                                            "moduleId": "87DC5FF2-E405-4CB1-92AF-E93339CE9851",
                                            "timestamp": "2022-03-23T00:45:00+00:00",
                                            "uptime": 0,
                                            "effective": 0,
                                            "downtime": 0,
                                            "notInUse": 900,
                                            "recipeName": "31"
                                        },
                                        {
                                            "moduleId": "87DC5FF2-E405-4CB1-92AF-E93339CE9851",
                                            "timestamp": "2022-03-23T01:00:00+00:00",
                                            "uptime": 0,
                                            "effective": 0,
                                            "downtime": 0,
                                            "notInUse": 900,
                                            "recipeName": "31"
                                        },
                                        {
                                            "moduleId": "87DC5FF2-E405-4CB1-92AF-E93339CE9851",
                                            "timestamp": "2022-03-23T01:15:00+00:00",
                                            "uptime": 0,
                                            "effective": 0,
                                            "downtime": 0,
                                            "notInUse": 900,
                                            "recipeName": "31"
                                        },
                                        {
                                            "moduleId": "87DC5FF2-E405-4CB1-92AF-E93339CE9851",
                                            "timestamp": "2022-03-23T01:30:00+00:00",
                                            "uptime": 0,
                                            "effective": 0,
                                            "downtime": 0,
                                            "notInUse": 900,
                                            "recipeName": "31"
                                        },
                                        {
                                            "moduleId": "87DC5FF2-E405-4CB1-92AF-E93339CE9851",
                                            "timestamp": "2022-03-23T01:45:00+00:00",
                                            "uptime": 0,
                                            "effective": 0,
                                            "downtime": 0,
                                            "notInUse": 900,
                                            "recipeName": "31"
                                        },
                                        {
                                            "moduleId": "87DC5FF2-E405-4CB1-92AF-E93339CE9851",
                                            "timestamp": "2022-03-23T02:00:00+00:00",
                                            "uptime": 0,
                                            "effective": 0,
                                            "downtime": 0,
                                            "notInUse": 900,
                                            "recipeName": "31"
                                        },
                                        {
                                            "moduleId": "87DC5FF2-E405-4CB1-92AF-E93339CE9851",
                                            "timestamp": "2022-03-23T02:15:00+00:00",
                                            "uptime": 0,
                                            "effective": 0,
                                            "downtime": 0,
                                            "notInUse": 900,
                                            "recipeName": "31"
                                        },
                                        {
                                            "moduleId": "87DC5FF2-E405-4CB1-92AF-E93339CE9851",
                                            "timestamp": "2022-03-23T02:30:00+00:00",
                                            "uptime": 0,
                                            "effective": 0,
                                            "downtime": 0,
                                            "notInUse": 900,
                                            "recipeName": "31"
                                        },
                                        {
                                            "moduleId": "87DC5FF2-E405-4CB1-92AF-E93339CE9851",
                                            "timestamp": "2022-03-23T02:45:00+00:00",
                                            "uptime": 0,
                                            "effective": 0,
                                            "downtime": 0,
                                            "notInUse": 900,
                                            "recipeName": "31"
                                        },
                                        {
                                            "moduleId": "87DC5FF2-E405-4CB1-92AF-E93339CE9851",
                                            "timestamp": "2022-03-23T03:00:00+00:00",
                                            "uptime": 0,
                                            "effective": 0,
                                            "downtime": 0,
                                            "notInUse": 900,
                                            "recipeName": "31"
                                        },
                                        {
                                            "moduleId": "87DC5FF2-E405-4CB1-92AF-E93339CE9851",
                                            "timestamp": "2022-03-23T03:15:00+00:00",
                                            "uptime": 0,
                                            "effective": 0,
                                            "downtime": 0,
                                            "notInUse": 900,
                                            "recipeName": "31"
                                        },
                                        {
                                            "moduleId": "87DC5FF2-E405-4CB1-92AF-E93339CE9851",
                                            "timestamp": "2022-03-23T03:30:00+00:00",
                                            "uptime": 0,
                                            "effective": 0,
                                            "downtime": 0,
                                            "notInUse": 900,
                                            "recipeName": "31"
                                        },
                                        {
                                            "moduleId": "87DC5FF2-E405-4CB1-92AF-E93339CE9851",
                                            "timestamp": "2022-03-23T03:45:00+00:00",
                                            "uptime": 147,
                                            "effective": 0,
                                            "downtime": 44,
                                            "notInUse": 709,
                                            "recipeName": "31"
                                        },
                                        {
                                            "moduleId": "87DC5FF2-E405-4CB1-92AF-E93339CE9851",
                                            "timestamp": "2022-03-23T04:00:00+00:00",
                                            "uptime": 348,
                                            "effective": 552,
                                            "downtime": 0,
                                            "notInUse": 0,
                                            "recipeName": "31"
                                        },
                                        {
                                            "moduleId": "87DC5FF2-E405-4CB1-92AF-E93339CE9851",
                                            "timestamp": "2022-03-23T04:15:00+00:00",
                                            "uptime": 800,
                                            "effective": 0,
                                            "downtime": 100,
                                            "notInUse": 0,
                                            "recipeName": "31"
                                        },
                                        {
                                            "moduleId": "87DC5FF2-E405-4CB1-92AF-E93339CE9851",
                                            "timestamp": "2022-03-23T04:30:00+00:00",
                                            "uptime": 900,
                                            "effective": 0,
                                            "downtime": 0,
                                            "notInUse": 0,
                                            "recipeName": "31"
                                        },
                                        {
                                            "moduleId": "87DC5FF2-E405-4CB1-92AF-E93339CE9851",
                                            "timestamp": "2022-03-23T04:45:00+00:00",
                                            "uptime": 527,
                                            "effective": 284,
                                            "downtime": 89,
                                            "notInUse": 0,
                                            "recipeName": "31"
                                        },
                                        {
                                            "moduleId": "87DC5FF2-E405-4CB1-92AF-E93339CE9851",
                                            "timestamp": "2022-03-23T05:00:00+00:00",
                                            "uptime": 632,
                                            "effective": 268,
                                            "downtime": 0,
                                            "notInUse": 0,
                                            "recipeName": "31"
                                        },
                                        {
                                            "moduleId": "87DC5FF2-E405-4CB1-92AF-E93339CE9851",
                                            "timestamp": "2022-03-23T05:15:00+00:00",
                                            "uptime": 349,
                                            "effective": 551,
                                            "downtime": 0,
                                            "notInUse": 0,
                                            "recipeName": "31"
                                        },
                                        {
                                            "moduleId": "87DC5FF2-E405-4CB1-92AF-E93339CE9851",
                                            "timestamp": "2022-03-23T05:30:00+00:00",
                                            "uptime": 741,
                                            "effective": 159,
                                            "downtime": 0,
                                            "notInUse": 0,
                                            "recipeName": "31"
                                        },
                                        {
                                            "moduleId": "87DC5FF2-E405-4CB1-92AF-E93339CE9851",
                                            "timestamp": "2022-03-23T05:45:00+00:00",
                                            "uptime": 507,
                                            "effective": 393,
                                            "downtime": 0,
                                            "notInUse": 0,
                                            "recipeName": "31"
                                        },
                                        {
                                            "moduleId": "87DC5FF2-E405-4CB1-92AF-E93339CE9851",
                                            "timestamp": "2022-03-23T06:00:00+00:00",
                                            "uptime": 900,
                                            "effective": 0,
                                            "downtime": 0,
                                            "notInUse": 0,
                                            "recipeName": "31"
                                        },
                                        {
                                            "moduleId": "87DC5FF2-E405-4CB1-92AF-E93339CE9851",
                                            "timestamp": "2022-03-23T06:15:00+00:00",
                                            "uptime": 900,
                                            "effective": 0,
                                            "downtime": 0,
                                            "notInUse": 0,
                                            "recipeName": "31"
                                        },
                                        {
                                            "moduleId": "87DC5FF2-E405-4CB1-92AF-E93339CE9851",
                                            "timestamp": "2022-03-23T06:30:00+00:00",
                                            "uptime": 900,
                                            "effective": 0,
                                            "downtime": 0,
                                            "notInUse": 0,
                                            "recipeName": "31"
                                        },
                                        {
                                            "moduleId": "87DC5FF2-E405-4CB1-92AF-E93339CE9851",
                                            "timestamp": "2022-03-23T06:45:00+00:00",
                                            "uptime": 900,
                                            "effective": 0,
                                            "downtime": 0,
                                            "notInUse": 0,
                                            "recipeName": "31"
                                        },
                                        {
                                            "moduleId": "87DC5FF2-E405-4CB1-92AF-E93339CE9851",
                                            "timestamp": "2022-03-23T07:00:00+00:00",
                                            "uptime": 309,
                                            "effective": 346,
                                            "downtime": 245,
                                            "notInUse": 0,
                                            "recipeName": "31"
                                        },
                                        {
                                            "moduleId": "87DC5FF2-E405-4CB1-92AF-E93339CE9851",
                                            "timestamp": "2022-03-23T07:15:00+00:00",
                                            "uptime": 465,
                                            "effective": 404,
                                            "downtime": 31,
                                            "notInUse": 0,
                                            "recipeName": "31"
                                        },
                                        {
                                            "moduleId": "87DC5FF2-E405-4CB1-92AF-E93339CE9851",
                                            "timestamp": "2022-03-23T07:30:00+00:00",
                                            "uptime": 791,
                                            "effective": 103,
                                            "downtime": 6,
                                            "notInUse": 0,
                                            "recipeName": "31"
                                        },
                                        {
                                            "moduleId": "87DC5FF2-E405-4CB1-92AF-E93339CE9851",
                                            "timestamp": "2022-03-23T07:45:00+00:00",
                                            "uptime": 617,
                                            "effective": 152,
                                            "downtime": 131,
                                            "notInUse": 0,
                                            "recipeName": "31"
                                        },
                                        {
                                            "moduleId": "87DC5FF2-E405-4CB1-92AF-E93339CE9851",
                                            "timestamp": "2022-03-23T08:00:00+00:00",
                                            "uptime": 785,
                                            "effective": 0,
                                            "downtime": 115,
                                            "notInUse": 0,
                                            "recipeName": "31"
                                        },
                                        {
                                            "moduleId": "87DC5FF2-E405-4CB1-92AF-E93339CE9851",
                                            "timestamp": "2022-03-23T08:15:00+00:00",
                                            "uptime": 287,
                                            "effective": 603,
                                            "downtime": 10,
                                            "notInUse": 0,
                                            "recipeName": "31"
                                        },
                                        {
                                            "moduleId": "87DC5FF2-E405-4CB1-92AF-E93339CE9851",
                                            "timestamp": "2022-03-23T08:30:00+00:00",
                                            "uptime": 199,
                                            "effective": 690,
                                            "downtime": 11,
                                            "notInUse": 0,
                                            "recipeName": "31"
                                        },
                                        {
                                            "moduleId": "87DC5FF2-E405-4CB1-92AF-E93339CE9851",
                                            "timestamp": "2022-03-23T08:45:00+00:00",
                                            "uptime": 295,
                                            "effective": 594,
                                            "downtime": 11,
                                            "notInUse": 0,
                                            "recipeName": "31"
                                        },
                                        {
                                            "moduleId": "87DC5FF2-E405-4CB1-92AF-E93339CE9851",
                                            "timestamp": "2022-03-23T09:00:00+00:00",
                                            "uptime": 294,
                                            "effective": 173,
                                            "downtime": 433,
                                            "notInUse": 0,
                                            "recipeName": "31"
                                        },
                                        {
                                            "moduleId": "87DC5FF2-E405-4CB1-92AF-E93339CE9851",
                                            "timestamp": "2022-03-23T09:15:00+00:00",
                                            "uptime": 0,
                                            "effective": 687,
                                            "downtime": 213,
                                            "notInUse": 0,
                                            "recipeName": "31"
                                        },
                                        {
                                            "moduleId": "87DC5FF2-E405-4CB1-92AF-E93339CE9851",
                                            "timestamp": "2022-03-23T09:30:00+00:00",
                                            "uptime": 0,
                                            "effective": 0,
                                            "downtime": 900,
                                            "notInUse": 0,
                                            "recipeName": "31"
                                        },
                                        {
                                            "moduleId": "87DC5FF2-E405-4CB1-92AF-E93339CE9851",
                                            "timestamp": "2022-03-23T09:45:00+00:00",
                                            "uptime": 0,
                                            "effective": 0,
                                            "downtime": 900,
                                            "notInUse": 0,
                                            "recipeName": "31"
                                        },
                                        {
                                            "moduleId": "87DC5FF2-E405-4CB1-92AF-E93339CE9851",
                                            "timestamp": "2022-03-23T10:00:00+00:00",
                                            "uptime": 467,
                                            "effective": 392,
                                            "downtime": 41,
                                            "notInUse": 0,
                                            "recipeName": "31"
                                        },
                                        {
                                            "moduleId": "87DC5FF2-E405-4CB1-92AF-E93339CE9851",
                                            "timestamp": "2022-03-23T10:15:00+00:00",
                                            "uptime": 363,
                                            "effective": 211,
                                            "downtime": 326,
                                            "notInUse": 0,
                                            "recipeName": "31"
                                        },
                                        {
                                            "moduleId": "87DC5FF2-E405-4CB1-92AF-E93339CE9851",
                                            "timestamp": "2022-03-23T10:30:00+00:00",
                                            "uptime": 141,
                                            "effective": 0,
                                            "downtime": 699,
                                            "notInUse": 0,
                                            "recipeName": "31"
                                        },
                                        {
                                            "moduleId": "87DC5FF2-E405-4CB1-92AF-E93339CE9851",
                                            "timestamp": "2022-03-23T10:45:00+00:00",
                                            "uptime": 582,
                                            "effective": 0,
                                            "downtime": 318,
                                            "notInUse": 0,
                                            "recipeName": "31"
                                        },
                                        {
                                            "moduleId": "87DC5FF2-E405-4CB1-92AF-E93339CE9851",
                                            "timestamp": "2022-03-23T11:00:00+00:00",
                                            "uptime": 900,
                                            "effective": 0,
                                            "downtime": 0,
                                            "notInUse": 0,
                                            "recipeName": "31"
                                        },
                                        {
                                            "moduleId": "87DC5FF2-E405-4CB1-92AF-E93339CE9851",
                                            "timestamp": "2022-03-23T11:15:00+00:00",
                                            "uptime": 578,
                                            "effective": 301,
                                            "downtime": 21,
                                            "notInUse": 0,
                                            "recipeName": "31"
                                        },
                                        {
                                            "moduleId": "87DC5FF2-E405-4CB1-92AF-E93339CE9851",
                                            "timestamp": "2022-03-23T11:30:00+00:00",
                                            "uptime": 0,
                                            "effective": 900,
                                            "downtime": 0,
                                            "notInUse": 0,
                                            "recipeName": "31"
                                        },
                                        {
                                            "moduleId": "87DC5FF2-E405-4CB1-92AF-E93339CE9851",
                                            "timestamp": "2022-03-23T11:45:00+00:00",
                                            "uptime": 0,
                                            "effective": 900,
                                            "downtime": 0,
                                            "notInUse": 0,
                                            "recipeName": "31"
                                        },
                                        {
                                            "moduleId": "87DC5FF2-E405-4CB1-92AF-E93339CE9851",
                                            "timestamp": "2022-03-23T12:00:00+00:00",
                                            "uptime": 160,
                                            "effective": 561,
                                            "downtime": 179,
                                            "notInUse": 0,
                                            "recipeName": "31"
                                        },
                                        {
                                            "moduleId": "87DC5FF2-E405-4CB1-92AF-E93339CE9851",
                                            "timestamp": "2022-03-23T12:15:00+00:00",
                                            "uptime": 338,
                                            "effective": 0,
                                            "downtime": 562,
                                            "notInUse": 0,
                                            "recipeName": "31"
                                        },
                                        {
                                            "moduleId": "87DC5FF2-E405-4CB1-92AF-E93339CE9851",
                                            "timestamp": "2022-03-23T12:30:00+00:00",
                                            "uptime": 900,
                                            "effective": 0,
                                            "downtime": 0,
                                            "notInUse": 0,
                                            "recipeName": "31"
                                        },
                                        {
                                            "moduleId": "87DC5FF2-E405-4CB1-92AF-E93339CE9851",
                                            "timestamp": "2022-03-23T12:45:00+00:00",
                                            "uptime": 894,
                                            "effective": 0,
[...]
<doc>Adds the given ``key_value_pairs`` and ``items`` to the ``dictionary``.</doc>
<arguments>
<arg>${body}</arg>
<arg>&amp;{kwargs}</arg>
</arguments>
<status status="PASS" starttime="20220324 15:21:51.772" endtime="20220324 15:21:51.772"></status>
</kw>
<kw name="Evaluate" library="BuiltIn">
<doc>Evaluates the given expression in Python and returns the result.</doc>
<arguments>
<arg>json.dumps(${body})</arg>
<arg>json</arg>
</arguments>
<assign>
<var>${json_string}</var>
</assign>
<msg timestamp="20220324 15:21:51.772" level="INFO">${json_string} = {"productCode": "orfer-api", "parameters": {"targetObject": [{"idLocal": "C26C4E99-7870-40C7-BB49-EF71FE2AD8C3"}]}, "timestamp": "2022-03-24T13:21:51+00:00"}</msg>
<status status="PASS" starttime="20220324 15:21:51.772" endtime="20220324 15:21:51.772"></status>
</kw>
<msg timestamp="20220324 15:21:51.772" level="INFO">${body} = {'productCode': 'orfer-api', 'parameters': {'targetObject': [{'idLocal': 'C26C4E99-7870-40C7-BB49-EF71FE2AD8C3'}]}, 'timestamp': '2022-03-24T13:21:51+00:00'}</msg>
<status status="PASS" starttime="20220324 15:21:51.771" endtime="20220324 15:21:51.772"></status>
</kw>
<kw name="Pop From Dictionary" library="Collections">
<doc>Pops the given ``key`` from the ``dictionary`` and returns its value.</doc>
<arguments>
<arg>${body}</arg>
<arg>parameters</arg>
</arguments>
<status status="PASS" starttime="20220324 15:21:51.772" endtime="20220324 15:21:51.772"></status>
</kw>
<kw name="Fetch Data Product">
<arguments>
<arg>${body}</arg>
</arguments>
<kw name="Calculate Pot Signature" library="PoTLib">
<arguments>
<arg>${body}</arg>
<arg>${CLIENT_SECRET}</arg>
</arguments>
<assign>
<var>${signature}</var>
</assign>
<msg timestamp="20220324 15:21:51.773" level="INFO">${signature} = sjsDwS+AIt4kndNZSW6dZvjCamJZZVKcDK9aRUTTj2U=</msg>
<status status="PASS" starttime="20220324 15:21:51.772" endtime="20220324 15:21:51.773"></status>
</kw>
<kw name="Set Headers" library="REST">
<tags>
<tag>settings</tag>
</tags>
<doc>*Sets new request headers or updates the existing.*</doc>
<arguments>
<arg>{"x-pot-signature": "${signature}", "x-app-token": "${APP_TOKEN}"}</arg>
</arguments>
<status status="PASS" starttime="20220324 15:21:51.773" endtime="20220324 15:21:51.773"></status>
</kw>
<kw name="POST" library="REST">
<tags>
<tag>http</tag>
</tags>
<doc>*Sends a POST request to the endpoint.*</doc>
<arguments>
<arg>${CONNECTOR_PATH}</arg>
<arg>${body}</arg>
</arguments>
<status status="PASS" starttime="20220324 15:21:51.773" endtime="20220324 15:21:51.778"></status>
</kw>
<kw name="Output Schema" library="REST">
<tags>
<tag>I/O</tag>
</tags>
<doc>*Outputs JSON Schema to terminal or a file.*</doc>
<arguments>
<arg>response body</arg>
</arguments>
<msg timestamp="20220324 15:21:51.778" level="INFO">
{
    "type": "object",
    "properties": {
        "error": {
            "type": "object",
            "properties": {
                "status": {
                    "type": "integer",
                    "default": 422
                },
                "message": {
                    "type": "object",
                    "properties": {
                        "parameters": {
                            "type": "array",
                            "items": {
                                "type": "string"
                            },
                            "default": [
                                "Missing data for required field."
                            ]
                        }
                    },
                    "required": [
                        "parameters"
                    ]
                }
            },
            "required": [
                "message",
                "status"
            ]
        }
    },
    "required": [
        "error"
    ]
}</msg>
<status status="PASS" starttime="20220324 15:21:51.778" endtime="20220324 15:21:51.778"></status>
</kw>
<status status="PASS" starttime="20220324 15:21:51.772" endtime="20220324 15:21:51.779"></status>
</kw>
<kw name="Integer" library="REST">
<tags>
<tag>assertions</tag>
</tags>
<doc>*Asserts the field as JSON integer.*</doc>
<arguments>
<arg>response status</arg>
<arg>422</arg>
</arguments>
<status status="PASS" starttime="20220324 15:21:51.779" endtime="20220324 15:21:51.779"></status>
</kw>
<kw name="Integer" library="REST">
<tags>
<tag>assertions</tag>
</tags>
<doc>*Asserts the field as JSON integer.*</doc>
<arguments>
<arg>response body error status</arg>
<arg>422</arg>
</arguments>
<status status="PASS" starttime="20220324 15:21:51.779" endtime="20220324 15:21:51.780"></status>
</kw>
<kw name="String" library="REST">
<tags>
<tag>assertions</tag>
</tags>
<doc>*Asserts the field as JSON string.*</doc>
<arguments>
<arg>response body error message parameters 0</arg>
<arg>Missing data for required field.</arg>
</arguments>
<status status="PASS" starttime="20220324 15:21:51.780" endtime="20220324 15:21:51.780"></status>
</kw>
<tags>
<tag>bug-0003</tag>
</tags>
<status status="PASS" starttime="20220324 15:21:51.771" endtime="20220324 15:21:51.780" critical="yes"></status>
</test>
<test id="s1-t4" name="fetch, 422, Missing data for ids required field">
<kw name="Get Body">
<assign>
<var>${body}</var>
</assign>
<kw name="Copy Dictionary" library="Collections">
<doc>Returns a copy of the given dictionary.</doc>
<arguments>
<arg>${BROKER_BODY}</arg>
<arg>deepcopy=True</arg>
</arguments>
<assign>
<var>${body}</var>
</assign>
<msg timestamp="20220324 15:21:51.781" level="INFO">${body} = {'productCode': 'orfer-api', 'parameters': {'targetObject': [{'idLocal': 'C26C4E99-7870-40C7-BB49-EF71FE2AD8C3'}]}}</msg>
<status status="PASS" starttime="20220324 15:21:51.781" endtime="20220324 15:21:51.781"></status>
</kw>
<kw name="Get Current Date" library="DateTime">
<doc>Returns current local or UTC time with an optional increment.</doc>
<arguments>
<arg>time_zone=UTC</arg>
<arg>result_format=%Y-%m-%dT%H:%M:%S+00:00</arg>
</arguments>
<assign>
<var>${now}</var>
</assign>
<msg timestamp="20220324 15:21:51.781" level="INFO">${now} = 2022-03-24T13:21:51+00:00</msg>
<status status="PASS" starttime="20220324 15:21:51.781" endtime="20220324 15:21:51.781"></status>
</kw>
<kw name="Set To Dictionary" library="Collections">
<doc>Adds the given ``key_value_pairs`` and ``items`` to the ``dictionary``.</doc>
<arguments>
<arg>${body}</arg>
<arg>timestamp</arg>
<arg>${now}</arg>
</arguments>
<status status="PASS" starttime="20220324 15:21:51.781" endtime="20220324 15:21:51.781"></status>
</kw>
<kw name="Set To Dictionary" library="Collections">
<doc>Adds the given ``key_value_pairs`` and ``items`` to the ``dictionary``.</doc>
<arguments>
<arg>${body}</arg>
<arg>&amp;{kwargs}</arg>
</arguments>
<status status="PASS" starttime="20220324 15:21:51.781" endtime="20220324 15:21:51.781"></status>
</kw>
<kw name="Evaluate" library="BuiltIn">
<doc>Evaluates the given expression in Python and returns the result.</doc>
<arguments>
<arg>json.dumps(${body})</arg>
<arg>json</arg>
</arguments>
<assign>
<var>${json_string}</var>
</assign>
<msg timestamp="20220324 15:21:51.782" level="INFO">${json_string} = {"productCode": "orfer-api", "parameters": {"targetObject": [{"idLocal": "C26C4E99-7870-40C7-BB49-EF71FE2AD8C3"}]}, "timestamp": "2022-03-24T13:21:51+00:00"}</msg>
<status status="PASS" starttime="20220324 15:21:51.781" endtime="20220324 15:21:51.782"></status>
</kw>
<msg timestamp="20220324 15:21:51.782" level="INFO">${body} = {'productCode': 'orfer-api', 'parameters': {'targetObject': [{'idLocal': 'C26C4E99-7870-40C7-BB49-EF71FE2AD8C3'}]}, 'timestamp': '2022-03-24T13:21:51+00:00'}</msg>
<status status="PASS" starttime="20220324 15:21:51.781" endtime="20220324 15:21:51.782"></status>
</kw>
<kw name="Pop From Dictionary" library="Collections">
<doc>Pops the given ``key`` from the ``dictionary`` and returns its value.</doc>
<arguments>
<arg>${body["parameters"]}</arg>
<arg>targetObject</arg>
</arguments>
<status status="PASS" starttime="20220324 15:21:51.782" endtime="20220324 15:21:51.782"></status>
</kw>
<kw name="Fetch Data Product">
<arguments>
<arg>${body}</arg>
</arguments>
<kw name="Calculate Pot Signature" library="PoTLib">
<arguments>
<arg>${body}</arg>
<arg>${CLIENT_SECRET}</arg>
</arguments>
<assign>
<var>${signature}</var>
</assign>
<msg timestamp="20220324 15:21:51.782" level="INFO">${signature} = bK5OWwHFfNO/3cod+q1At6FKH6TJ29F6FpQbcj6PB/o=</msg>
<status status="PASS" starttime="20220324 15:21:51.782" endtime="20220324 15:21:51.782"></status>
</kw>
<kw name="Set Headers" library="REST">
<tags>
<tag>settings</tag>
</tags>
<doc>*Sets new request headers or updates the existing.*</doc>
<arguments>
<arg>{"x-pot-signature": "${signature}", "x-app-token": "${APP_TOKEN}"}</arg>
</arguments>
<status status="PASS" starttime="20220324 15:21:51.782" endtime="20220324 15:21:51.782"></status>
</kw>
<kw name="POST" library="REST">
<tags>
<tag>http</tag>
</tags>
<doc>*Sends a POST request to the endpoint.*</doc>
<arguments>
<arg>${CONNECTOR_PATH}</arg>
<arg>${body}</arg>
</arguments>
<status status="PASS" starttime="20220324 15:21:51.782" endtime="20220324 15:21:51.786"></status>
</kw>
<kw name="Output Schema" library="REST">
<tags>
<tag>I/O</tag>
</tags>
<doc>*Outputs JSON Schema to terminal or a file.*</doc>
<arguments>
<arg>response body</arg>
</arguments>
<msg timestamp="20220324 15:21:51.786" level="INFO">
{
    "type": "object",
    "properties": {
        "error": {
            "type": "object",
            "properties": {
                "status": {
                    "type": "integer",
                    "default": 422
                },
                "message": {
                    "type": "object",
                    "properties": {
                        "parameters.ids": {
                            "type": "array",
                            "items": {
                                "type": "string"
                            },
                            "default": [
                                "Missing data for required field."
                            ]
                        }
                    },
                    "required": [
                        "parameters.ids"
                    ]
                }
            },
            "required": [
                "message",
                "status"
            ]
        }
    },
    "required": [
        "error"
    ]
}</msg>
<status status="PASS" starttime="20220324 15:21:51.786" endtime="20220324 15:21:51.787"></status>
</kw>
<status status="PASS" starttime="20220324 15:21:51.782" endtime="20220324 15:21:51.787"></status>
</kw>
<kw name="Integer" library="REST">
<tags>
<tag>assertions</tag>
</tags>
<doc>*Asserts the field as JSON integer.*</doc>
<arguments>
<arg>response status</arg>
<arg>422</arg>
</arguments>
<status status="PASS" starttime="20220324 15:21:51.787" endtime="20220324 15:21:51.788"></status>
</kw>
<kw name="Integer" library="REST">
<tags>
<tag>assertions</tag>
</tags>
<doc>*Asserts the field as JSON integer.*</doc>
<arguments>
<arg>response body error status</arg>
<arg>422</arg>
</arguments>
<status status="PASS" starttime="20220324 15:21:51.788" endtime="20220324 15:21:51.788"></status>
</kw>
<kw name="String" library="REST">
<tags>
<tag>assertions</tag>
</tags>
<doc>*Asserts the field as JSON string.*</doc>
<arguments>
<arg>response body error message parameters.ids 0</arg>
<arg>Missing data for required field.</arg>
</arguments>
<status status="PASS" starttime="20220324 15:21:51.788" endtime="20220324 15:21:51.789"></status>
</kw>
<tags>
<tag>bug-0004</tag>
</tags>
<status status="PASS" starttime="20220324 15:21:51.780" endtime="20220324 15:21:51.789" critical="yes"></status>
</test>
<test id="s1-t5" name="fetch, 200, Empty ids">
<kw name="Get Body">
<assign>
<var>${body}</var>
</assign>
<kw name="Copy Dictionary" library="Collections">
<doc>Returns a copy of the given dictionary.</doc>
<arguments>
<arg>${BROKER_BODY}</arg>
<arg>deepcopy=True</arg>
</arguments>
<assign>
<var>${body}</var>
</assign>
<msg timestamp="20220324 15:21:51.789" level="INFO">${body} = {'productCode': 'orfer-api', 'parameters': {'targetObject': [{'idLocal': 'C26C4E99-7870-40C7-BB49-EF71FE2AD8C3'}]}}</msg>
<status status="PASS" starttime="20220324 15:21:51.789" endtime="20220324 15:21:51.789"></status>
</kw>
<kw name="Get Current Date" library="DateTime">
<doc>Returns current local or UTC time with an optional increment.</doc>
<arguments>
<arg>time_zone=UTC</arg>
<arg>result_format=%Y-%m-%dT%H:%M:%S+00:00</arg>
</arguments>
<assign>
<var>${now}</var>
</assign>
<msg timestamp="20220324 15:21:51.790" level="INFO">${now} = 2022-03-24T13:21:51+00:00</msg>
<status status="PASS" starttime="20220324 15:21:51.789" endtime="20220324 15:21:51.790"></status>
</kw>
<kw name="Set To Dictionary" library="Collections">
<doc>Adds the given ``key_value_pairs`` and ``items`` to the ``dictionary``.</doc>
<arguments>
<arg>${body}</arg>
<arg>timestamp</arg>
<arg>${now}</arg>
</arguments>
<status status="PASS" starttime="20220324 15:21:51.790" endtime="20220324 15:21:51.790"></status>
</kw>
<kw name="Set To Dictionary" library="Collections">
<doc>Adds the given ``key_value_pairs`` and ``items`` to the ``dictionary``.</doc>
<arguments>
<arg>${body}</arg>
<arg>&amp;{kwargs}</arg>
</arguments>
<status status="PASS" starttime="20220324 15:21:51.790" endtime="20220324 15:21:51.790"></status>
</kw>
<kw name="Evaluate" library="BuiltIn">
<doc>Evaluates the given expression in Python and returns the result.</doc>
<arguments>
<arg>json.dumps(${body})</arg>
<arg>json</arg>
</arguments>
<assign>
<var>${json_string}</var>
</assign>
<msg timestamp="20220324 15:21:51.790" level="INFO">${json_string} = {"productCode": "orfer-api", "parameters": {"targetObject": [{"idLocal": "C26C4E99-7870-40C7-BB49-EF71FE2AD8C3"}]}, "timestamp": "2022-03-24T13:21:51+00:00"}</msg>
<status status="PASS" starttime="20220324 15:21:51.790" endtime="20220324 15:21:51.790"></status>
</kw>
<msg timestamp="20220324 15:21:51.790" level="INFO">${body} = {'productCode': 'orfer-api', 'parameters': {'targetObject': [{'idLocal': 'C26C4E99-7870-40C7-BB49-EF71FE2AD8C3'}]}, 'timestamp': '2022-03-24T13:21:51+00:00'}</msg>
<status status="PASS" starttime="20220324 15:21:51.789" endtime="20220324 15:21:51.790"></status>
</kw>
<kw name="Set To Dictionary" library="Collections">
<doc>Adds the given ``key_value_pairs`` and ``items`` to the ``dictionary``.</doc>
<arguments>
<arg>${body["parameters"]}</arg>
<arg>targetObject.0.idLocal=@{EMPTY}</arg>
</arguments>
<status status="PASS" starttime="20220324 15:21:51.790" endtime="20220324 15:21:51.790"></status>
</kw>
<kw name="Fetch Data Product">
<arguments>
<arg>${body}</arg>
</arguments>
<kw name="Calculate Pot Signature" library="PoTLib">
<arguments>
<arg>${body}</arg>
<arg>${CLIENT_SECRET}</arg>
</arguments>
<assign>
<var>${signature}</var>
</assign>
<msg timestamp="20220324 15:21:51.791" level="INFO">${signature} = LfYdbFk3T1wsnlGrh4rtIMznkqXinq7UZ30mKU4Gn2k=</msg>
<status status="PASS" starttime="20220324 15:21:51.790" endtime="20220324 15:21:51.791"></status>
</kw>
<kw name="Set Headers" library="REST">
<tags>
<tag>settings</tag>
</tags>
<doc>*Sets new request headers or updates the existing.*</doc>
<arguments>
<arg>{"x-pot-signature": "${signature}", "x-app-token": "${APP_TOKEN}"}</arg>
</arguments>
<status status="PASS" starttime="20220324 15:21:51.791" endtime="20220324 15:21:51.791"></status>
</kw>
<kw name="POST" library="REST">
<tags>
<tag>http</tag>
</tags>
<doc>*Sends a POST request to the endpoint.*</doc>
<arguments>
<arg>${CONNECTOR_PATH}</arg>
<arg>${body}</arg>
</arguments>
<status status="PASS" starttime="20220324 15:21:51.791" endtime="20220324 15:21:51.804"></status>
</kw>
<kw name="Output Schema" library="REST">
<tags>
<tag>I/O</tag>
</tags>
<doc>*Outputs JSON Schema to terminal or a file.*</doc>
<arguments>
<arg>response body</arg>
</arguments>
<msg timestamp="20220324 15:21:51.804" level="INFO">
{
    "type": "object",
    "properties": {
        "@context": {
            "type": "string",
            "default": "https://standards.oftrust.net/v2/Schema/DataProductOutput/Equipment/Device/?v=1.0"
        },
        "data": {
            "type": "object",
            "properties": {
                "device": {
                    "type": "array",
                    "default": []
                }
            },
            "required": [
                "device"
            ]
        },
        "signature": {
            "type": "object",
            "properties": {
                "type": {
                    "type": "string",
                    "default": "RsaSignature2018"
                },
                "created": {
                    "type": "string",
                    "default": "2022-03-24T15:21:51+02:00"
                },
                "creator": {
                    "type": "string",
                    "default": "http://localhost:8080/translator/v1/public.key"
                },
                "signatureValue": {
                    "type": "string",
                    "default": "I/oaVnBLFoqztp+8oxqGuUyqf5N4M8iAqoi6RIAt/Fb2K1yFQRso19DePHvZ2pDmmzf6TYexTnQ85sazfJbHzriUeLnISLkxWc2mTTdmmch6TUGJhyqT2ihZIqDkAHH5YHxWaIrmqHgrDnHs8R8Z786cLQL5JWHITqYeOMid54I7Y6jowHFuIcEkEHaL4Nem2L1j8p5dAYFyrFNNfyYQeBnzCA4mbqnQ3Ao0Wpx3qobDJ/D3kih/JmaKsIo7SwbNrSZIc0ShI6GEWySqpcOmh+ros1pHxqzKHfgsffxZYdDcYIP/SVfphh+3HQfoFF3WxWRI4Lv8OoyROB/03yEv5qxH6FsU2ibPX44aorK/IEJ3avCSUhFB8+V4wOwqE5bW8mMZRyl83xcpuZ2ZRCPNM9YcmxISgqNT3TAxquoX8fxuw5L7Wco+Zgp7iLbTERbslnkJJKTPBGB+O0LL8lCwFrhrT7g88U8d0Uh1dP3bjLk+FWeRMh2yC6wHzNNi9EQeSl8W4m9QSYsIWuz9lGJZIPEYwXcRdwgcdJ2pRFlGI5DSa0FTdlU7gDTT+t8bqTPTOAATxfk1bBV74lnOLYVKK0Pq+Rn3E3V4uKIlqKSKn67omYXy0zxlyeAeHPDp47R27+fWm9Y8GyATCwLX4HmSSsolgjjTn2gIAytMWSoFZZU="
                }
            },
            "required": [
                "created",
                "creator",
                "signatureValue",
                "type"
            ]
        }
    },
    "required": [
        "@context",
        "data",
        "signature"
    ]
}</msg>
<status status="PASS" starttime="20220324 15:21:51.804" endtime="20220324 15:21:51.805"></status>
</kw>
<status status="PASS" starttime="20220324 15:21:51.790" endtime="20220324 15:21:51.805"></status>
</kw>
<kw name="Integer" library="REST">
<tags>
<tag>assertions</tag>
</tags>
<doc>*Asserts the field as JSON integer.*</doc>
<arguments>
<arg>response status</arg>
<arg>200</arg>
</arguments>
<status status="PASS" starttime="20220324 15:21:51.805" endtime="20220324 15:21:51.806"></status>
</kw>
<kw name="String" library="REST">
<tags>
<tag>assertions</tag>
</tags>
<doc>*Asserts the field as JSON string.*</doc>
<arguments>
<arg>response body @context</arg>
<arg>${CONTEXT}</arg>
</arguments>
<status status="PASS" starttime="20220324 15:21:51.806" endtime="20220324 15:21:51.806"></status>
</kw>
<kw name="Array" library="REST">
<tags>
<tag>assertions</tag>
</tags>
<doc>*Asserts the field as JSON array.*</doc>
<arguments>
<arg>response body data device</arg>
<arg>maxItems=0</arg>
</arguments>
<status status="PASS" starttime="20220324 15:21:51.806" endtime="20220324 15:21:51.807"></status>
</kw>
<tags>
<tag>bug-0005</tag>
</tags>
<status status="PASS" starttime="20220324 15:21:51.789" endtime="20220324 15:21:51.807" critical="yes"></status>
</test>
<doc>Orfer API Integration API Tests</doc>
<status status="PASS" starttime="20220324 15:21:46.959" endtime="20220324 15:21:51.807"></status>
</suite>
<statistics>
<total>
<stat pass="5" fail="0">Critical Tests</stat>
<stat pass="5" fail="0">All Tests</stat>
</total>
<tag>
<stat pass="1" fail="0">bug-0001</stat>
<stat pass="1" fail="0">bug-0002</stat>
<stat pass="1" fail="0">bug-0003</stat>
<stat pass="1" fail="0">bug-0004</stat>
<stat pass="1" fail="0">bug-0005</stat>
</tag>
<suite>
<stat pass="5" fail="0" id="s1" name="Connector Tests">Connector Tests</stat>
</suite>
</statistics>
<errors>
</errors>
</robot>
