<?xml version="1.0" encoding="UTF-8"?>
<robot generator="Robot 3.2.1 (Python 3.8.0 on win32)" generated="20210618 15:21:11.777" rpa="false">
<suite id="s1" name="Connector Tests" source="C:\Users\henri\Documents\VSCodeProjects\multi-connector\robottests\connectors\finavia\connector_tests.robot">
<test id="s1-t1" name="fetch, 200">
<kw name="Get Body">
<assign>
<var>${body}</var>
</assign>
<kw name="Copy Dictionary" library="Collections">
<doc>Returns a copy of the given dictionary.</doc>
<arguments>
<arg>${BROKER_BODY}</arg>
<arg>deepcopy=True</arg>
</arguments>
<assign>
<var>${body}</var>
</assign>
<msg timestamp="20210618 15:21:12.066" level="INFO">${body} = {'productCode': 'finavia-flights', 'parameters': {'targetObject': {'idLocal': ['HEL', 'KUO']}}}</msg>
<status status="PASS" starttime="20210618 15:21:12.065" endtime="20210618 15:21:12.066"></status>
</kw>
<kw name="Get Current Date" library="DateTime">
<doc>Returns current local or UTC time with an optional increment.</doc>
<arguments>
<arg>time_zone=UTC</arg>
<arg>result_format=%Y-%m-%dT%H:%M:%S+00:00</arg>
</arguments>
<assign>
<var>${now}</var>
</assign>
<msg timestamp="20210618 15:21:12.066" level="INFO">${now} = 2021-06-18T12:21:12+00:00</msg>
<status status="PASS" starttime="20210618 15:21:12.066" endtime="20210618 15:21:12.066"></status>
</kw>
<kw name="Set To Dictionary" library="Collections">
<doc>Adds the given ``key_value_pairs`` and ``items`` to the ``dictionary``.</doc>
<arguments>
<arg>${body}</arg>
<arg>timestamp</arg>
<arg>${now}</arg>
</arguments>
<status status="PASS" starttime="20210618 15:21:12.066" endtime="20210618 15:21:12.066"></status>
</kw>
<kw name="Set To Dictionary" library="Collections">
<doc>Adds the given ``key_value_pairs`` and ``items`` to the ``dictionary``.</doc>
<arguments>
<arg>${body}</arg>
<arg>&amp;{kwargs}</arg>
</arguments>
<status status="PASS" starttime="20210618 15:21:12.066" endtime="20210618 15:21:12.067"></status>
</kw>
<kw name="Evaluate" library="BuiltIn">
<doc>Evaluates the given expression in Python and returns the result.</doc>
<arguments>
<arg>json.dumps(${body})</arg>
<arg>json</arg>
</arguments>
<assign>
<var>${json_string}</var>
</assign>
<msg timestamp="20210618 15:21:12.067" level="INFO">${json_string} = {"productCode": "finavia-flights", "parameters": {"targetObject": {"idLocal": ["HEL", "KUO"]}}, "timestamp": "2021-06-18T12:21:12+00:00"}</msg>
<status status="PASS" starttime="20210618 15:21:12.067" endtime="20210618 15:21:12.067"></status>
</kw>
<msg timestamp="20210618 15:21:12.067" level="INFO">${body} = {'productCode': 'finavia-flights', 'parameters': {'targetObject': {'idLocal': ['HEL', 'KUO']}}, 'timestamp': '2021-06-18T12:21:12+00:00'}</msg>
<status status="PASS" starttime="20210618 15:21:12.065" endtime="20210618 15:21:12.067"></status>
</kw>
<kw name="Fetch Data Product">
<arguments>
<arg>${body}</arg>
</arguments>
<kw name="Calculate Pot Signature" library="PoTLib">
<arguments>
<arg>${body}</arg>
<arg>${CLIENT_SECRET}</arg>
</arguments>
<assign>
<var>${signature}</var>
</assign>
<msg timestamp="20210618 15:21:12.068" level="INFO">${signature} = YaeOOIVF8R6xodb1IdzgbQjupdV6ANmvBvr6HiNBGz0=</msg>
<status status="PASS" starttime="20210618 15:21:12.068" endtime="20210618 15:21:12.068"></status>
</kw>
<kw name="Set Headers" library="REST">
<tags>
<tag>settings</tag>
</tags>
<doc>*Sets new request headers or updates the existing.*</doc>
<arguments>
<arg>{"x-pot-signature": "${signature}", "x-app-token": "${APP_TOKEN}"}</arg>
</arguments>
<status status="PASS" starttime="20210618 15:21:12.068" endtime="20210618 15:21:12.069"></status>
</kw>
<kw name="Post" library="REST">
<tags>
<tag>http</tag>
</tags>
<doc>*Sends a POST request to the endpoint.*</doc>
<arguments>
<arg>${CONNECTOR_PATH}</arg>
<arg>${body}</arg>
</arguments>
<status status="PASS" starttime="20210618 15:21:12.069" endtime="20210618 15:21:15.401"></status>
</kw>
<kw name="Output Schema" library="REST">
<tags>
<tag>I/O</tag>
</tags>
<doc>*Outputs JSON Schema to terminal or a file.*</doc>
<arguments>
<arg>response body</arg>
</arguments>
<msg timestamp="20210618 15:21:15.435" level="INFO">
{
    "type": "object",
    "properties": {
        "@context": {
            "type": "string",
            "default": "https://standards.oftrust.net/v2/Context/DataProductOutput/VehicleInformation/FlightDeparture/"
        },
        "data": {
            "type": "object",
            "properties": {
                "flightDeparture": {
                    "type": "array",
                    "items": {
                        "type": "object",
                        "properties": {
                            "@type": {
                                "type": "string"
                            },
                            "systemTimestamp": {
                                "type": "string"
                            },
                            "source": {
                                "type": "string"
                            },
                            "station": {
                                "type": "object",
                                "properties": {
                                    "@type": {
                                        "type": "string"
                                    },
                                    "idOfficial": {
                                        "type": "string"
                                    }
                                },
                                "required": [
                                    "@type",
                                    "idOfficial"
                                ]
                            },
                            "transportationRoute": {
                                "type": "array",
                                "items": {
                                    "type": "object",
                                    "properties": {
                                        "@type": {
                                            "type": "string"
                                        },
                                        "idOfficial": {
                                            "type": "string"
                                        },
                                        "idOfficialMaster": {
                                            "type": "string"
                                        },
                                        "idOfficialAlternative": {
                                            "type": "string"
                                        }
                                    },
                                    "required": [
                                        "@type",
                                        "idOfficial",
                                        "idOfficialAlternative",
                                        "idOfficialMaster"
                                    ]
                                }
                            },
                            "destination1": {
                                "type": "object",
                                "properties": {
                                    "@type": {
                                        "type": "string"
                                    },
                                    "idOfficial": {
                                        "type": "string"
                                    },
                                    "name": {
                                        "type": "string"
                                    }
                                },
                                "required": [
                                    "@type",
                                    "idOfficial",
                                    "name"
                                ]
                            },
                            "destination2": {
                                "type": "object",
                                "properties": {
                                    "@type": {
                                        "type": "string"
                                    },
                                    "idOfficial": {
                                        "type": "string"
                                    }
                                },
                                "required": [
                                    "@type",
                                    "idOfficial"
                                ]
                            },
                            "destination3": {
                                "type": "object",
                                "properties": {
                                    "@type": {
                                        "type": "string"
                                    },
                                    "idOfficial": {
                                        "type": "string"
                                    }
                                },
                                "required": [
                                    "@type",
                                    "idOfficial"
                                ]
                            },
                            "destination4": {
                                "type": "object",
                                "properties": {
                                    "@type": {
                                        "type": "string"
                                    },
                                    "idOfficial": {
                                        "type": "string"
                                    }
                                },
                                "required": [
                                    "@type",
                                    "idOfficial"
                                ]
                            },
                            "transportationTrip": {
                                "type": "array",
                                "items": {
                                    "type": "object",
                                    "properties": {
                                        "@type": {
                                            "type": "string"
                                        },
                                        "scheduled": {
                                            "type": "string"
                                        },
                                        "estimated": {
                                            "type": "string"
                                        },
                                        "estimatedPublic": {
                                            "type": "string"
                                        },
                                        "actual": {
                                            "type": "string"
                                        },
                                        "actualBlock": {
                                            "type": "string"
                                        },
                                        "checkIn": {
                                            "type": "array",
                                            "items": {
                                                "type": "object",
                                                "properties": {
                                                    "@type": {
                                                        "type": "string"
                                                    },
                                                    "nameArea": {
                                                        "type": [
                                                            "integer",
                                                            "string"
                                                        ]
                                                    },
                                                    "idLocal": {
                                                        "type": [
                                                            "integer",
                                                            "string"
                                                        ]
                                                    }
                                                },
                                                "required": [
                                                    "@type"
                                                ]
                                            }
                                        },
                                        "status": {
                                            "type": "array",
                                            "items": {
                                                "type": "object",
                                                "properties": {
                                                    "@type": {
                                                        "type": "string"
                                                    },
                                                    "actual": {
                                                        "type": "string"
                                                    }
                                                },
                                                "required": [
                                                    "@type"
                                                ]
                                            }
                                        },
                                        "parkingPlace": {
                                            "type": "object",
                                            "properties": {
                                                "@type": {
                                                    "type": "string"
                                                },
                                                "idLocal": {
                                                    "type": [
                                                        "integer",
                                                        "string"
                                                    ]
                                                }
                                            },
                                            "required": [
                                                "@type",
                                                "idLocal"
                                            ]
                                        },
                                        "parkingPlacePrevious": {
                                            "type": "object",
                                            "properties": {
                                                "@type": {
                                                    "type": "string"
                                                },
                                                "idLocal": {
                                                    "type": [
                                                        "integer",
                                                        "string"
                                                    ]
                                                }
                                            },
                                            "required": [
                                                "@type",
                                                "idLocal"
                                            ]
                                        },
                                        "gate": {
                                            "type": "object",
                                            "properties": {
                                                "@type": {
                                                    "type": "string"
                                                },
                                                "idLocal": {
                                                    "type": [
                                                        "integer",
                                                        "string"
                                                    ]
                                                }
                                            },
                                            "required": [
                                                "@type",
                                                "idLocal"
                                            ]
                                        },
                                        "gatePrevious": {
                                            "type": "object",
                                            "properties": {
                                                "@type": {
                                                    "type": "string"
                                                },
                                                "idLocal": {
                                                    "type": [
                                                        "integer",
                                                        "string"
                                                    ]
                                                }
                                            },
                                            "required": [
                                                "@type",
                                                "idLocal"
                                            ]
                                        },
                                        "vehicle": {
                                            "type": "object",
                                            "properties": {
                                                "@type": {
                                                    "type": "string"
                                                },
                                                "idOfficial": {
                                                    "type": "string"
                                                },
                                                "categorizationLocal": {
                                                    "type": [
                                                        "integer",
                                                        "string"
                                                    ]
                                                }
                                            },
                                            "required": [
                                                "@type",
                                                "categorizationLocal",
                                                "idOfficial"
                                            ]
                                        },
                                        "idCallSign": {
                                            "type": "string"
                                        }
                                    },
                                    "required": [
                                        "@type",
                                        "actual",
                                        "actualBlock",
                                        "checkIn",
                                        "estimated",
                                        "estimatedPublic",
                                        "gate",
                                        "gatePrevious",
                                        "idCallSign",
                                        "parkingPlace",
                                        "parkingPlacePrevious",
                                        "scheduled",
                                        "status",
                                        "vehicle"
                                    ]
                                }
                            },
                            "status": {
                                "type": "array",
                                "items": {
                                    "type": "object",
                                    "properties": {
                                        "@type": {
                                            "type": "string"
                                        },
                                        "name": {
                                            "type": "string"
                                        },
                                        "language": {
                                            "type": "string"
                                        }
                                    },
                                    "required": [
                                        "@type",
                                        "language",
                                        "name"
                                    ]
                                }
                            }
                        },
                        "required": [
                            "@type",
                            "destination1",
                            "destination2",
                            "destination3",
                            "destination4",
                            "source",
                            "station",
                            "status",
                            "systemTimestamp",
                            "transportationRoute",
                            "transportationTrip"
                        ]
                    },
                    "default": [
                        {
                            "@type": "departure",
                            "systemTimestamp": "2021-06-18T12:15:36Z",
                            "source": "Finavia",
                            "station": {
                                "@type": "Airport",
                                "idOfficial": "HEL"
                            },
                            "transportationRoute": [
                                {
                                    "@type": "TransportationRoute",
                                    "idOfficial": "BT303",
                                    "idOfficialMaster": "",
                                    "idOfficialAlternative": "FI7191"
                                }
                            ],
                            "destination1": {
                                "@type": "location",
                                "idOfficial": "RIX",
                                "name": "Riga"
                            },
                            "destination2": {
                                "@type": "location",
                                "idOfficial": ""
                            },
                            "destination3": {
                                "@type": "location",
                                "idOfficial": ""
                            },
                            "destination4": {
                                "@type": "location",
                                "idOfficial": ""
                            },
                            "transportationTrip": [
                                {
                                    "@type": "TransportationTrip",
                                    "scheduled": "2021-06-18T10:10:00Z",
                                    "estimated": "2021-06-18T09:55:29Z",
                                    "estimatedPublic": "2021-06-18T09:55:00Z",
                                    "actual": "2021-06-18T09:56:01Z",
                                    "actualBlock": "2021-06-18T10:04:14Z",
                                    "checkIn": [
                                        {
                                            "@type": "location"
                                        }
                                    ],
                                    "status": [
                                        {
                                            "@type": "Status"
                                        }
                                    ],
                                    "parkingPlace": {
                                        "@type": "ParkingPlace",
                                        "idLocal": 30
                                    },
                                    "parkingPlacePrevious": {
                                        "@type": "ParkingPlace",
                                        "idLocal": 29
                                    },
                                    "gate": {
                                        "@type": "Gate",
                                        "idLocal": ""
                                    },
                                    "gatePrevious": {
                                        "@type": "Gate",
                                        "idLocal": ""
                                    },
                                    "vehicle": {
                                        "@type": "Aircraft",
                                        "idOfficial": "YLCSB",
                                        "categorizationLocal": "CS3"
                                    },
                                    "idCallSign": "BTI30K"
                                }
                            ],
                            "status": [
                                {
                                    "@type": "Status",
                                    "name": "LAN",
                                    "language": "Landed"
                                }
                            ]
                        },
                        {
                            "@type": "departure",
                            "systemTimestamp": "2021-06-18T12:15:36Z",
                            "source": "Finavia",
                            "station": {
                                "@type": "Airport",
                                "idOfficial": "HEL"
                            },
                            "transportationRoute": [
                                {
                                    "@type": "TransportationRoute",
                                    "idOfficial": "AY637",
                                    "idOfficialMaster": "",
                                    "idOfficialAlternative": ""
                                }
                            ],
                            "destination1": {
                                "@type": "location",
                                "idOfficial": "IVL",
                                "name": "Ivalo"
                            },
                            "destination2": {
                                "@type": "location",
                                "idOfficial": "KTT"
                            },
                            "destination3": {
                                "@type": "location",
                                "idOfficial": ""
                            },
                            "destination4": {
                                "@type": "location",
                                "idOfficial": ""
                            },
                            "transportationTrip": [
                                {
                                    "@type": "TransportationTrip",
                                    "scheduled": "2021-06-18T10:35:00Z",
                                    "estimated": "2021-06-18T10:27:29Z",
                                    "estimatedPublic": "2021-06-18T10:30:00Z",
                                    "actual": "2021-06-18T10:28:00Z",
                                    "actualBlock": "2021-06-18T10:38:00Z",
                                    "checkIn": [
                                        {
                                            "@type": "location"
                                        }
                                    ],
                                    "status": [
                                        {
                                            "@type": "Status"
                                        }
                                    ],
                                    "parkingPlace": {
                                        "@type": "ParkingPlace",
                                        "idLocal": 18
                                    },
                                    "parkingPlacePrevious": {
                                        "@type": "ParkingPlace",
                                        "idLocal": ""
                                    },
                                    "gate": {
                                        "@type": "Gate",
                                        "idLocal": ""
                                    },
                                    "gatePrevious": {
                                        "@type": "Gate",
                                        "idLocal": ""
                                    },
                                    "vehicle": {
                                        "@type": "Aircraft",
                                        "idOfficial": "OHLVL",
                                        "categorizationLocal": 319
                                    },
                                    "idCallSign": "FIN57N"
                                }
                            ],
                            "status": [
                                {
                                    "@type": "Status",
                                    "name": "LAN",
                                    "language": "Landed"
                                }
                            ]
                        },
                        {
                            "@type": "departure",
                            "systemTimestamp": "2021-06-18T12:15:36Z",
                            "source": "Finavia",
                            "station": {
                                "@type": "Airport",
                                "idOfficial": "HEL"
                            },
                            "transportationRoute": [
                                {
                                    "@type": "TransportationRoute",
                                    "idOfficial": "A3764",
                                    "idOfficialMaster": "",
                                    "idOfficialAlternative": ""
                                }
                            ],
                            "destination1": {
                                "@type": "location",
                                "idOfficial": "ATH",
                                "name": "Athens"
                            },
                            "destination2": {
                                "@type": "location",
                                "idOfficial": ""
                            },
                            "destination3": {
                                "@type": "location",
                                "idOfficial": ""
                            },
                            "destination4": {
                                "@type": "location",
                                "idOfficial": ""
                            },
                            "transportationTrip": [
                                {
                                    "@type": "TransportationTrip",
                                    "scheduled": "2021-06-18T10:45:00Z",
                                    "estimated": "2021-06-18T10:32:51Z",
                                    "estimatedPublic": "2021-06-18T10:35:00Z",
                                    "actual": "2021-06-18T10:33:16Z",
                                    "actualBlock": "2021-06-18T10:42:00Z",
                                    "checkIn": [
                                        {
                                            "@type": "location"
                                        }
                                    ],
                                    "status": [
                                        {
                                            "@type": "Status"
                                        }
                                    ],
                                    "parkingPlace": {
                                        "@type": "ParkingPlace",
                                        "idLocal": 22
                                    },
                                    "parkingPlacePrevious": {
                                        "@type": "ParkingPlace",
                                        "idLocal": 21
                                    },
                                    "gate": {
                                        "@type": "Gate",
                                        "idLocal": ""
                                    },
                                    "gatePrevious": {
                                        "@type": "Gate",
                                        "idLocal": ""
                                    },
                                    "vehicle": {
                                        "@type": "Aircraft",
                                        "idOfficial": "SXDVH",
                                        "categorizationLocal": 320
                                    },
                                    "idCallSign": "AEE764"
                                }
                            ],
                            "status": [
                                {
                                    "@type": "Status",
                                    "name": "LAN",
                                    "language": "Landed"
                                }
                            ]
                        },
                        {
                            "@type": "departure",
                            "systemTimestamp": "2021-06-18T12:15:36Z",
                            "source": "Finavia",
                            "station": {
                                "@type": "Airport",
                                "idOfficial": "HEL"
                            },
                            "transportationRoute": [
                                {
                                    "@type": "TransportationRoute",
                                    "idOfficial": "BT304",
                                    "idOfficialMaster": "",
                                    "idOfficialAlternative": "EY8099"
                                }
                            ],
                            "destination1": {
                                "@type": "location",
                                "idOfficial": "RIX",
                                "name": "Riga"
                            },
                            "destination2": {
                                "@type": "location",
                                "idOfficial": ""
                            },
                            "destination3": {
                                "@type": "location",
                                "idOfficial": ""
                            },
                            "destination4": {
                                "@type": "location",
                                "idOfficial": ""
                            },
                            "transportationTrip": [
                                {
                                    "@type": "TransportationTrip",
                                    "scheduled": "2021-06-18T10:50:00Z",
                                    "estimated": "",
                                    "estimatedPublic": "",
                                    "actual": "2021-06-18T10:56:00Z",
                                    "actualBlock": "2021-06-18T10:44:00Z",
                                    "checkIn": [
                                        {
                                            "@type": "location",
                                            "nameArea": 2,
                                            "idLocal": 207
                                        }
                                    ],
                                    "status": [
                                        {
                                            "@type": "Status",
                                            "actual": "2021-06-18T10:19:10Z"
                                        }
                                    ],
                                    "parkingPlace": {
                                        "@type": "ParkingPlace",
                                        "idLocal": 30
                                    },
                                    "parkingPlacePrevious": {
                                        "@type": "ParkingPlace",
                                        "idLocal": 29
                                    },
                                    "gate": {
                                        "@type": "Gate",
                                        "idLocal": 30
                                    },
                                    "gatePrevious": {
                                        "@type": "Gate",
                                        "idLocal": 29
                                    },
                                    "vehicle": {
                                        "@type": "Aircraft",
                                        "idOfficial": "YLCSB",
                                        "categorizationLocal": "CS3"
                                    },
                                    "idCallSign": "BTI30E"
                                }
                            ],
                            "status": [
                                {
                                    "@type": "Status",
                                    "name": "DEP",
                                    "language": "Departed"
                                }
                            ]
                        },
                        {
                            "@type": "departure",
                            "systemTimestamp": "2021-06-18T12:15:36Z",
                            "source": "Finavia",
                            "station": {
                                "@type": "Airport",
                                "idOfficial": "HEL"
                            },
                            "transportationRoute": [
                                {
                                    "@type": "TransportationRoute",
                                    "idOfficial": "KL1168",
                                    "idOfficialMaster": "",
                                    "idOfficialAlternative": "GA9769"
                                }
                            ],
                            "destination1": {
                                "@type": "location",
                                "idOfficial": "AMS",
                                "name": "Amsterdam"
                            },
                            "destination2": {
                                "@type": "location",
                                "idOfficial": ""
                            },
                            "destination3": {
                                "@type": "location",
                                "idOfficial": ""
                            },
                            "destination4": {
                                "@type": "location",
                                "idOfficial": ""
                            },
                            "transportationTrip": [
                                {
                                    "@type": "TransportationTrip",
                                    "scheduled": "2021-06-18T10:55:00Z",
                                    "estimated": "",
                                    "estimatedPublic": "",
                                    "actual": "2021-06-18T11:08:00Z",
                                    "actualBlock": "2021-06-18T10:59:30Z",
                                    "checkIn": [
                                        {
                                            "@type": "location",
                                            "nameArea": 2,
                                            "idLocal": 229
                                        }
                                    ],
                                    "status": [
                                        {
                                            "@type": "Status",
                                            "actual": "2021-06-18T10:12:11Z"
                                        }
                                    ],
                                    "parkingPlace": {
                                        "@type": "ParkingPlace",
                                        "idLocal": 125
                                    },
                                    "parkingPlacePrevious": {
                                        "@type": "ParkingPlace",
                                        "idLocal": 904
                                    },
                                    "gate": {
                                        "@type": "Gate",
                                        "idLocal": "23B"
                                    },
                                    "gatePrevious": {
                                        "@type": "Gate",
                                        "idLocal": ""
                                    },
                                    "vehicle": {
                                        "@type": "Aircraft",
                                        "idOfficial": "PHBXB",
                                        "categorizationLocal": "73H"
                                    },
                                    "idCallSign": "KLM98Q"
                                }
                            ],
                            "status": [
                                {
                                    "@type": "Status",
                                    "name": "DEP",
                                    "language": "Departed"
                                }
                            ]
                        },
                        {
                            "@type": "departure",
                            "systemTimestamp": "2021-06-18T12:15:36Z",
                            "source": "Finavia",
                            "station": {
                                "@type": "Airport",
                                "idOfficial": "HEL"
                            },
                            "transportationRoute": [
                                {
                                    "@type": "TransportationRoute",
                                    "idOfficial": "AY016",
                                    "idOfficialMaster": "",
                                    "idOfficialAlternative": "IB368"
                                }
                            ],
                            "destination1": {
                                "@type": "location",
                                "idOfficial": "JFK",
                                "name": "New York"
                            },
                            "destination2": {
                                "@type": "location",
                                "idOfficial": ""
                            },
                            "destination3": {
                                "@type": "location",
                                "idOfficial": ""
                            },
                            "destination4": {
                                "@type": "location",
                                "idOfficial": ""
                            },
                            "transportationTrip": [
                                {
                                    "@type": "TransportationTrip",
                                    "scheduled": "2021-06-18T11:20:00Z",
                                    "estimated": "2021-06-18T11:02:31Z",
                                    "estimatedPublic": "2021-06-18T11:05:00Z",
                                    "actual": "2021-06-18T11:03:00Z",
                                    "actualBlock": "2021-06-18T11:11:00Z",
                                    "checkIn": [
                                        {
                                            "@type": "location"
                                        }
                                    ],
                                    "status": [
                                        {
                                            "@type": "Status"
                                        }
                                    ],
                                    "parkingPlace": {
                                        "@type": "ParkingPlace",
                                        "idLocal": "S52"
                                    },
                                    "parkingPlacePrevious": {
                                        "@type": "ParkingPlace",
                                        "idLocal": "S47"
                                    },
                                    "gate": {
                                        "@type": "Gate",
                                        "idLocal": ""
                                    },
                                    "gatePrevious": {
                                        "@type": "Gate",
                                        "idLocal": ""
                                    },
                                    "vehicle": {
                                        "@type": "Aircraft",
                                        "idOfficial": "OHLWO",
                                        "categorizationLocal": 359
                                    },
                                    "idCallSign": "FIN16"
                                }
                            ],
                            "status": [
                                {
                                    "@type": "Status",
                                    "name": "LAN",
                                    "language": "Landed"
                                }
                            ]
                        },
                        {
                            "@type": "departure",
                            "systemTimestamp": "2021-06-18T12:15:36Z",
                            "source": "Finavia",
                            "station": {
                                "@type": "Airport",
                                "idOfficial": "HEL"
                            },
                            "transportationRoute": [
                                {
                                    "@type": "TransportationRoute",
                                    "idOfficial": "0B182",
                                    "idOfficialMaster": "",
                                    "idOfficialAlternative": ""
                                }
                            ],
                            "destination1": {
                                "@type": "location",
                                "idOfficial": "OTP",
                                "name": "Bucharest"
                            },
                            "destination2": {
                                "@type": "location",
                                "idOfficial": ""
                            },
                            "destination3": {
                                "@type": "location",
                                "idOfficial": ""
                            },
                            "destination4": {
                                "@type": "location",
                                "idOfficial": ""
                            },
                            "transportationTrip": [
                                {
                                    "@type": "TransportationTrip",
                                    "scheduled": "2021-06-18T11:25:00Z",
                                    "estimated": "",
                                    "estimatedPublic": "",
                                    "actual": "2021-06-18T11:43:00Z",
                                    "actualBlock": "2021-06-18T11:31:00Z",
                                    "checkIn": [
                                        {
                                            "@type": "location",
                                            "nameArea": 2,
                                            "idLocal": 205
                                        }
                                    ],
                                    "status": [
                                        {
                                            "@type": "Status",
                                            "actual": "2021-06-18T10:52:08Z"
                                        }
                                    ],
                                    "parkingPlace": {
                                        "@type": "ParkingPlace",
                                        "idLocal": "W40"
                                    },
                                    "parkingPlacePrevious": {
                                        "@type": "ParkingPlace",
                                        "idLocal": "S52"
                                    },
                                    "gate": {
                                        "@type": "Gate",
                                        "idLocal": 40
                                    },
                                    "gatePrevious": {
                                        "@type": "Gate",
                                        "idLocal": 52
                                    },
                                    "vehicle": {
                                        "@type": "Aircraft",
                                        "idOfficial": "YRBMK",
                                        "categorizationLocal": 738
                                    },
                                    "idCallSign": "BLA8Z"
                                }
                            ],
                            "status": [
                                {
                                    "@type": "Status",
                                    "name": "DEP",
                                    "language": "Departed"
                                }
                            ]
                        },
                        {
                            "@type": "departure",
                            "systemTimestamp": "2021-06-18T12:15:36Z",
                            "source": "Finavia",
                            "station": {
                                "@type": "Airport",
                                "idOfficial": "HEL"
                            },
                            "transportationRoute": [
                                {
                                    "@type": "TransportationRoute",
                                    "idOfficial": "A3765",
                                    "idOfficialMaster": "",
                                    "idOfficialAlternative": ""
                                }
                            ],
                            "destination1": {
                                "@type": "location",
                                "idOfficial": "ATH",
                                "name": "Athens"
                            },
                            "destination2": {
                                "@type": "location",
                                "idOfficial": ""
                            },
                            "destination3": {
                                "@type": "location",
                                "idOfficial": ""
                            },
                            "destination4": {
                                "@type": "location",
                                "idOfficial": ""
                            },
                            "transportationTrip": [
                                {
                                    "@type": "TransportationTrip",
                                    "scheduled": "2021-06-18T11:35:00Z",
                                    "estimated": "",
                                    "estimatedPublic": "",
                                    "actual": "2021-06-18T11:55:00Z",
                                    "actualBlock": "2021-06-18T11:44:00Z",
                                    "checkIn": [
                                        {
                                            "@type": "location",
                                            "nameArea": 2,
                                            "idLocal": 202
                                        }
                                    ],
                                    "status": [
                                        {
                                            "@type": "Status",
                                            "actual": "2021-06-18T10:57:00Z"
                                        }
                                    ],
                                    "parkingPlace": {
                                        "@type": "ParkingPlace",
                                        "idLocal": 22
                                    },
                                    "parkingPlacePrevious": {
                                        "@type": "ParkingPlace",
                                        "idLocal": 21
                                    },
                                    "gate": {
                                        "@type": "Gate",
                                        "idLocal": 22
                                    },
                                    "gatePrevious": {
                                        "@type": "Gate",
                                        "idLocal": 21
                                    },
                                    "vehicle": {
                                        "@type": "Aircraft",
                                        "idOfficial": "SXDVH",
                                        "categorizationLocal": "32N"
                                    },
                                    "idCallSign": "AEE5EF"
                                }
                            ],
                            "status": [
                                {
                                    "@type": "Status",
                                    "name": "DEP",
                                    "language": "Departed"
                                }
                            ]
                        },
                        {
                            "@type": "departure",
                            "systemTimestamp": "2021-06-18T12:15:36Z",
                            "source": "Finavia",
                            "station": {
                                "@type": "Airport",
                                "idOfficial": "HEL"
                            },
                            "transportationRoute": [
                                {
                                    "@type": "TransportationRoute",
                                    "idOfficial": "AY1532",
                                    "idOfficialMaster": "",
                                    "idOfficialAlternative": ""
                                }
                            ],
                            "destination1": {
                                "@type": "location",
                                "idOfficial": "GVA",
                                "name": "Geneva"
                            },
                            "destination2": {
                                "@type": "location",
                                "idOfficial": ""
                            },
                            "destination3": {
                                "@type": "location",
                                "idOfficial": ""
                            },
                            "destination4": {
                                "@type": "location",
                                "idOfficial": ""
                            },
                            "transportationTrip": [
                                {
                                    "@type": "TransportationTrip",
                                    "scheduled": "2021-06-18T11:40:00Z",
                                    "estimated": "2021-06-18T11:20:09Z",
                                    "estimatedPublic": "2021-06-18T11:20:00Z",
                                    "actual": "2021-06-18T11:20:00Z",
                                    "actualBlock": "2021-06-18T11:25:17Z",
                                    "checkIn": [
                                        {
                                            "@type": "location"
                                        }
                                    ],
                                    "status": [
                                        {
                                            "@type": "Status"
                                        }
                                    ],
                                    "parkingPlace": {
                                        "@type": "ParkingPlace",
                                        "idLocal": 903
                                    },
                                    "parkingPlacePrevious": {
                                        "@type": "ParkingPlace",
                                        "idLocal": ""
                                    },
                                    "gate": {
                                        "@type": "Gate",
                                        "idLocal": ""
                                    },
                                    "gatePrevious": {
                                        "@type": "Gate",
                                        "idLocal": ""
                                    },
                                    "vehicle": {
                                        "@type": "Aircraft",
                                        "idOfficial": "OHLKK",
                                        "categorizationLocal": "E90"
                                    },
                                    "idCallSign": "FIN6PZ"
                                }
                            ],
                            "status": [
                                {
                                    "@type": "Status",
                                    "name": "LAN",
                                    "language": "Landed"
                                }
                            ]
                        },
                        {
                            "@type": "departure",
                            "systemTimestamp": "2021-06-18T12:15:36Z",
                            "source": "Finavia",
                            "station": {
                                "@type": "Airport",
                                "idOfficial": "HEL"
                            },
                            "transportationRoute": [
                                {
                                    "@type": "TransportationRoute",
                                    "idOfficial": "AY1472",
                                    "idOfficialMaster": "",
                                    "idOfficialAlternative": "BA6016"
                                }
                            ],
                            "destination1": {
                                "@type": "location",
                                "idOfficial": "VIE",
                                "name": "Vienna"
                            },
                            "destination2": {
                                "@type": "location",
                                "idOfficial": ""
                            },
                            "destination3": {
                                "@type": "location",
                                "idOfficial": ""
                            },
                            "destination4": {
                                "@type": "location",
                                "idOfficial": ""
                            },
                            "transportationTrip": [
                                {
                                    "@type": "TransportationTrip",
                                    "scheduled": "2021-06-18T11:40:00Z",
                                    "estimated": "2021-06-18T11:14:56Z",
                                    "estimatedPublic": "2021-06-18T11:15:00Z",
                                    "actual": "2021-06-18T11:15:00Z",
                                    "actualBlock": "2021-06-18T11:22:00Z",
                                    "checkIn": [
                                        {
                                            "@type": "location"
                                        }
                                    ],
                                    "status": [
                                        {
                                            "@type": "Status"
                                        }
                                    ],
                                    "parkingPlace": {
                                        "@type": "ParkingPlace",
                                        "idLocal": 14
                                    },
                                    "parkingPlacePrevious": {
                                        "@type": "ParkingPlace",
                                        "idLocal": ""
                                    },
                                    "gate": {
                                        "@type": "Gate",
                                        "idLocal": ""
                                    },
                                    "gatePrevious": {
                                        "@type": "Gate",
                                        "idLocal": ""
                                    },
                                    "vehicle": {
                                        "@type": "Aircraft",
                                        "idOfficial": "OHLKI",
                                        "categorizationLocal": "E90"
                                    },
                                    "idCallSign": "FIN3PV"
                                }
                            ],
                            "status": [
                                {
                                    "@type": "Status",
                                    "name": "LAN",
                                    "language": "Landed"
                                }
                            ]
                        },
                        {
                            "@type": "departure",
                            "systemTimestamp": "2021-06-18T12:15:36Z",
                            "source": "Finavia",
                            "station": {
                                "@type": "Airport",
                                "idOfficial": "HEL"
                            },
                            "transportationRoute": [
                                {
                                    "@type": "TransportationRoute",
                                    "idOfficial": "OJ674",
                                    "idOfficialMaster": "",
                                    "idOfficialAlternative": ""
                                }
                            ],
                            "destination1": {
                                "@type": "location",
                                "idOfficial": "JYV",
                                "name": "Jyväskylä"
                            },
                            "destination2": {
                                "@type": "location",
                                "idOfficial": ""
                            },
                            "destination3": {
                                "@type": "location",
                                "idOfficial": ""
                            },
                            "destination4": {
                                "@type": "location",
                                "idOfficial": ""
                            },
                            "transportationTrip": [
                                {
                                    "@type": "TransportationTrip",
                                    "scheduled": "2021-06-18T11:45:00Z",
                                    "estimated": "2021-06-18T11:25:24Z",
                                    "estimatedPublic": "2021-06-18T11:25:00Z",
                                    "actual": "2021-06-18T11:25:54Z",
                                    "actualBlock": "2021-06-18T11:32:06Z",
                                    "checkIn": [
                                        {
                                            "@type": "location"
                                        }
                                    ],
                                    "status": [
                                        {
                                            "@type": "Status"
                                        }
                                    ],
                                    "parkingPlace": {
                                        "@type": "ParkingPlace",
                                        "idLocal": 122
                                    },
                                    "parkingPlacePrevious": {
                                        "@type": "ParkingPlace",
                                        "idLocal": ""
                                    },
                                    "gate": {
                                        "@type": "Gate",
                                        "idLocal": ""
                                    },
                                    "gatePrevious": {
                                        "@type": "Gate",
                                        "idLocal": ""
                                    },
                                    "vehicle": {
                                        "@type": "Aircraft",
                                        "idOfficial": "ESNSH",
                                        "categorizationLocal": "S20"
                                    },
                                    "idCallSign": "NYX674"
                                }
                            ],
                            "status": [
                                {
                                    "@type": "Status",
                                    "name": "LAN",
                                    "language": "Landed"
                                }
                            ]
                        },
                        {
                            "@type": "departure",
                            "systemTimestamp": "2021-06-18T12:15:36Z",
                            "source": "Finavia",
                            "station": {
                                "@type": "Airport",
                                "idOfficial": "HEL"
                            },
                            "transportationRoute": [
                                {
                                    "@type": "TransportationRoute",
                                    "idOfficial": "AY102",
                                    "idOfficialMaster": "",
                                    "idOfficialAlternative": ""
                                }
                            ],
                            "destination1": {
                                "@type": "location",
                                "idOfficial": "HKG",
                                "name": "Hong Kong"
                            },
                            "destination2": {
                                "@type": "location",
                                "idOfficial": ""
                            },
                            "destination3": {
                                "@type": "location",
                                "idOfficial": ""
                            },
                            "destination4": {
                                "@type": "location",
                                "idOfficial": ""
                            },
                            "transportationTrip": [
                                {
                                    "@type": "TransportationTrip",
                                    "scheduled": "2021-06-18T11:45:00Z",
                                    "estimated": "2021-06-18T10:59:46Z",
                                    "estimatedPublic": "2021-06-18T11:00:00Z",
                                    "actual": "2021-06-18T11:00:00Z",
                                    "actualBlock": "2021-06-18T11:08:00Z",
                                    "checkIn": [
                                        {
                                            "@type": "location"
                                        }
                                    ],
                                    "status": [
                                        {
                                            "@type": "Status"
                                        }
                                    ],
                                    "parkingPlace": {
                                        "@type": "ParkingPlace",
                                        "idLocal": "S49"
                                    },
                                    "parkingPlacePrevious": {
                                        "@type": "ParkingPlace",
                                        "idLocal": ""
                                    },
                                    "gate": {
                                        "@type": "Gate",
                                        "idLocal": ""
                                    },
                                    "gatePrevious": {
                                        "@type": "Gate",
                                        "idLocal": ""
                                    },
                                    "vehicle": {
                                        "@type": "Aircraft",
                                        "idOfficial": "OHLWM",
                                        "categorizationLocal": 359
                                    },
                                    "idCallSign": "FIN102"
                                }
                            ],
                            "status": [
                                {
                                    "@type": "Status",
                                    "name": "LAN",
                                    "language": "Landed"
                                }
                            ]
                        },
                        {
                            "@type": "departure",
                            "systemTimestamp": "2021-06-18T12:15:36Z",
                            "source": "Finavia",
                            "station": {
                                "@type": "Airport",
                                "idOfficial": "HEL"
                            },
                            "transportationRoute": [
                                {
                                    "@type": "TransportationRoute",
                                    "idOfficial": "BPS694",
                                    "idOfficialMaster": "",
                                    "idOfficialAlternative": ""
                                }
                            ],
                            "destination1": {
                                "@type": "location",
                                "idOfficial": "POR",
                                "name": "Pori"
                            },
                            "destination2": {
                                "@type": "location",
                                "idOfficial": ""
                            },
                            "destination3": {
                                "@type": "location",
                                "idOfficial": ""
                            },
                            "destination4": {
                                "@type": "location",
                                "idOfficial": ""
                            },
                            "transportationTrip": [
                                {
                                    "@type": "TransportationTrip",
                                    "scheduled": "2021-06-18T11:45:00Z",
                                    "estimated": "2021-06-18T11:27:28Z",
                                    "estimatedPublic": "2021-06-18T11:25:00Z",
                                    "actual": "2021-06-18T11:28:09Z",
                                    "actualBlock": "2021-06-18T11:38:57Z",
                                    "checkIn": [
                                        {
                                            "@type": "location"
                                        }
                                    ],
                                    "status": [
                                        {
                                            "@type": "Status"
                                        }
                                    ],
                                    "parkingPlace": {
                                        "@type": "ParkingPlace",
                                        "idLocal": 7
                                    },
                                    "parkingPlacePrevious": {
                                        "@type": "ParkingPlace",
                                        "idLocal": ""
                                    },
                                    "gate": {
                                        "@type": "Gate",
                                        "idLocal": ""
                                    },
                                    "gatePrevious": {
                                        "@type": "Gate",
                                        "idLocal": ""
                                    },
                                    "vehicle": {
                                        "@type": "Aircraft",
                                        "idOfficial": "HAFAL",
                                        "categorizationLocal": "EM2"
                                    },
                                    "idCallSign": "BPS694"
                                }
                            ],
                            "status": [
                                {
                                    "@type": "Status",
                                    "name": "LAN",
                                    "language": "Landed"
                                }
                            ]
                        },
                        {
                            "@type": "departure",
                            "systemTimestamp": "2021-06-18T12:15:36Z",
                            "source": "Finavia",
                            "station": {
                                "@type": "Airport",
                                "idOfficial": "HEL"
                            },
                            "transportationRoute": [
                                {
                                    "@type": "TransportationRoute",
                                    "idOfficial": "AY1572",
                                    "idOfficialMaster": "",
                                    "idOfficialAlternative": "AA9010"
                                }
                            ],
                            "destination1": {
                                "@type": "location",
                                "idOfficial": "CDG",
                                "name": "Paris Charles de Gaulle"
                            },
                            "destination2": {
                                "@type": "location",
                                "idOfficial": ""
                            },
                            "destination3": {
                                "@type": "location",
                                "idOfficial": ""
                            },
                            "destination4": {
                                "@type": "location",
                                "idOfficial": ""
                            },
                            "transportationTrip": [
                                {
                                    "@type": "TransportationTrip",
                                    "scheduled": "2021-06-18T11:50:00Z",
                                    "estimated": "2021-06-18T11:30:49Z",
                                    "estimatedPublic": "2021-06-18T11:30:00Z",
                                    "actual": "2021-06-18T11:31:00Z",
                                    "actualBlock": "2021-06-18T11:40:00Z",
                                    "checkIn": [
                                        {
                                            "@type": "location"
                                        }
                                    ],
                                    "status": [
                                        {
                                            "@type": "Status"
                                        }
                                    ],
                                    "parkingPlace": {
                                        "@type": "ParkingPlace",
                                        "idLocal": 30
                                    },
                                    "parkingPlacePrevious": {
                                        "@type": "ParkingPlace",
                                        "idLocal": ""
                                    },
                                    "gate": {
                                        "@type": "Gate",
                                        "idLocal": ""
                                    },
                                    "gatePrevious": {
                                        "@type": "Gate",
                                        "idLocal": ""
                                    },
                                    "vehicle": {
                                        "@type": "Aircraft",
                                        "idOfficial": "OHLKR",
                                        "categorizationLocal": "E90"
                                    },
                                    "idCallSign": "FIN2EM"
                                }
                            ],
                            "status": [
                                {
                                    "@type": "Status",
                                    "name": "LAN",
                                    "language": "Landed"
                                }
                            ]
                        },
                        {
[...]
</kw>
<kw name="Set To Dictionary" library="Collections">
<doc>Adds the given ``key_value_pairs`` and ``items`` to the ``dictionary``.</doc>
<arguments>
<arg>${body}</arg>
<arg>&amp;{kwargs}</arg>
</arguments>
<status status="PASS" starttime="20210618 15:21:18.683" endtime="20210618 15:21:18.684"></status>
</kw>
<kw name="Evaluate" library="BuiltIn">
<doc>Evaluates the given expression in Python and returns the result.</doc>
<arguments>
<arg>json.dumps(${body})</arg>
<arg>json</arg>
</arguments>
<assign>
<var>${json_string}</var>
</assign>
<msg timestamp="20210618 15:21:18.685" level="INFO">${json_string} = {"productCode": "finavia-flights", "parameters": {"targetObject": {"idLocal": ["HEL", "KUO"]}}, "timestamp": "2021-06-18T12:21:18+00:00"}</msg>
<status status="PASS" starttime="20210618 15:21:18.684" endtime="20210618 15:21:18.685"></status>
</kw>
<msg timestamp="20210618 15:21:18.686" level="INFO">${body} = {'productCode': 'finavia-flights', 'parameters': {'targetObject': {'idLocal': ['HEL', 'KUO']}}, 'timestamp': '2021-06-18T12:21:18+00:00'}</msg>
<status status="PASS" starttime="20210618 15:21:18.674" endtime="20210618 15:21:18.686"></status>
</kw>
<kw name="Pop From Dictionary" library="Collections">
<doc>Pops the given ``key`` from the ``dictionary`` and returns its value.</doc>
<arguments>
<arg>${body}</arg>
<arg>parameters</arg>
</arguments>
<status status="PASS" starttime="20210618 15:21:18.688" endtime="20210618 15:21:18.689"></status>
</kw>
<kw name="Fetch Data Product">
<arguments>
<arg>${body}</arg>
</arguments>
<kw name="Calculate Pot Signature" library="PoTLib">
<arguments>
<arg>${body}</arg>
<arg>${CLIENT_SECRET}</arg>
</arguments>
<assign>
<var>${signature}</var>
</assign>
<msg timestamp="20210618 15:21:18.692" level="INFO">${signature} = oRUoQwjEi3EABZ5xcgI27TiUPtKVyVZ+kS3wkkJIe7Y=</msg>
<status status="PASS" starttime="20210618 15:21:18.691" endtime="20210618 15:21:18.692"></status>
</kw>
<kw name="Set Headers" library="REST">
<tags>
<tag>settings</tag>
</tags>
<doc>*Sets new request headers or updates the existing.*</doc>
<arguments>
<arg>{"x-pot-signature": "${signature}", "x-app-token": "${APP_TOKEN}"}</arg>
</arguments>
<status status="PASS" starttime="20210618 15:21:18.692" endtime="20210618 15:21:18.692"></status>
</kw>
<kw name="Post" library="REST">
<tags>
<tag>http</tag>
</tags>
<doc>*Sends a POST request to the endpoint.*</doc>
<arguments>
<arg>${CONNECTOR_PATH}</arg>
<arg>${body}</arg>
</arguments>
<status status="PASS" starttime="20210618 15:21:18.692" endtime="20210618 15:21:20.733"></status>
</kw>
<kw name="Output Schema" library="REST">
<tags>
<tag>I/O</tag>
</tags>
<doc>*Outputs JSON Schema to terminal or a file.*</doc>
<arguments>
<arg>response body</arg>
</arguments>
<msg timestamp="20210618 15:21:20.734" level="INFO">
{
    "type": "object",
    "properties": {
        "error": {
            "type": "object",
            "properties": {
                "status": {
                    "type": "integer",
                    "default": 422
                },
                "message": {
                    "type": "object",
                    "properties": {
                        "parameters": {
                            "type": "array",
                            "items": {
                                "type": "string"
                            },
                            "default": [
                                "Missing data for required field."
                            ]
                        }
                    },
                    "required": [
                        "parameters"
                    ]
                }
            },
            "required": [
                "message",
                "status"
            ]
        }
    },
    "required": [
        "error"
    ]
}</msg>
<status status="PASS" starttime="20210618 15:21:20.733" endtime="20210618 15:21:20.738"></status>
</kw>
<status status="PASS" starttime="20210618 15:21:18.690" endtime="20210618 15:21:20.738"></status>
</kw>
<kw name="Integer" library="REST">
<tags>
<tag>assertions</tag>
</tags>
<doc>*Asserts the field as JSON integer.*</doc>
<arguments>
<arg>response status</arg>
<arg>422</arg>
</arguments>
<status status="PASS" starttime="20210618 15:21:20.742" endtime="20210618 15:21:20.743"></status>
</kw>
<kw name="Integer" library="REST">
<tags>
<tag>assertions</tag>
</tags>
<doc>*Asserts the field as JSON integer.*</doc>
<arguments>
<arg>response body error status</arg>
<arg>422</arg>
</arguments>
<status status="PASS" starttime="20210618 15:21:20.744" endtime="20210618 15:21:20.744"></status>
</kw>
<kw name="String" library="REST">
<tags>
<tag>assertions</tag>
</tags>
<doc>*Asserts the field as JSON string.*</doc>
<arguments>
<arg>response body error message parameters 0</arg>
<arg>Missing data for required field.</arg>
</arguments>
<status status="PASS" starttime="20210618 15:21:20.745" endtime="20210618 15:21:20.746"></status>
</kw>
<tags>
<tag>bug-0002</tag>
</tags>
<status status="PASS" starttime="20210618 15:21:18.673" endtime="20210618 15:21:20.747" critical="yes"></status>
</test>
<test id="s1-t4" name="fetch, 422, Missing data for targetObject required field">
<kw name="Get Body">
<assign>
<var>${body}</var>
</assign>
<kw name="Copy Dictionary" library="Collections">
<doc>Returns a copy of the given dictionary.</doc>
<arguments>
<arg>${BROKER_BODY}</arg>
<arg>deepcopy=True</arg>
</arguments>
<assign>
<var>${body}</var>
</assign>
<msg timestamp="20210618 15:21:20.752" level="INFO">${body} = {'productCode': 'finavia-flights', 'parameters': {'targetObject': {'idLocal': ['HEL', 'KUO']}}}</msg>
<status status="PASS" starttime="20210618 15:21:20.751" endtime="20210618 15:21:20.752"></status>
</kw>
<kw name="Get Current Date" library="DateTime">
<doc>Returns current local or UTC time with an optional increment.</doc>
<arguments>
<arg>time_zone=UTC</arg>
<arg>result_format=%Y-%m-%dT%H:%M:%S+00:00</arg>
</arguments>
<assign>
<var>${now}</var>
</assign>
<msg timestamp="20210618 15:21:20.753" level="INFO">${now} = 2021-06-18T12:21:20+00:00</msg>
<status status="PASS" starttime="20210618 15:21:20.752" endtime="20210618 15:21:20.753"></status>
</kw>
<kw name="Set To Dictionary" library="Collections">
<doc>Adds the given ``key_value_pairs`` and ``items`` to the ``dictionary``.</doc>
<arguments>
<arg>${body}</arg>
<arg>timestamp</arg>
<arg>${now}</arg>
</arguments>
<status status="PASS" starttime="20210618 15:21:20.753" endtime="20210618 15:21:20.754"></status>
</kw>
<kw name="Set To Dictionary" library="Collections">
<doc>Adds the given ``key_value_pairs`` and ``items`` to the ``dictionary``.</doc>
<arguments>
<arg>${body}</arg>
<arg>&amp;{kwargs}</arg>
</arguments>
<status status="PASS" starttime="20210618 15:21:20.754" endtime="20210618 15:21:20.755"></status>
</kw>
<kw name="Evaluate" library="BuiltIn">
<doc>Evaluates the given expression in Python and returns the result.</doc>
<arguments>
<arg>json.dumps(${body})</arg>
<arg>json</arg>
</arguments>
<assign>
<var>${json_string}</var>
</assign>
<msg timestamp="20210618 15:21:20.755" level="INFO">${json_string} = {"productCode": "finavia-flights", "parameters": {"targetObject": {"idLocal": ["HEL", "KUO"]}}, "timestamp": "2021-06-18T12:21:20+00:00"}</msg>
<status status="PASS" starttime="20210618 15:21:20.755" endtime="20210618 15:21:20.755"></status>
</kw>
<msg timestamp="20210618 15:21:20.756" level="INFO">${body} = {'productCode': 'finavia-flights', 'parameters': {'targetObject': {'idLocal': ['HEL', 'KUO']}}, 'timestamp': '2021-06-18T12:21:20+00:00'}</msg>
<status status="PASS" starttime="20210618 15:21:20.750" endtime="20210618 15:21:20.756"></status>
</kw>
<kw name="Pop From Dictionary" library="Collections">
<doc>Pops the given ``key`` from the ``dictionary`` and returns its value.</doc>
<arguments>
<arg>${body["parameters"]}</arg>
<arg>targetObject</arg>
</arguments>
<status status="PASS" starttime="20210618 15:21:20.757" endtime="20210618 15:21:20.757"></status>
</kw>
<kw name="Fetch Data Product">
<arguments>
<arg>${body}</arg>
</arguments>
<kw name="Calculate Pot Signature" library="PoTLib">
<arguments>
<arg>${body}</arg>
<arg>${CLIENT_SECRET}</arg>
</arguments>
<assign>
<var>${signature}</var>
</assign>
<msg timestamp="20210618 15:21:20.759" level="INFO">${signature} = k6h2YgwsCC3OfLAHHIyR/K0Aw0KZtMfh2fW7sydSvDQ=</msg>
<status status="PASS" starttime="20210618 15:21:20.759" endtime="20210618 15:21:20.759"></status>
</kw>
<kw name="Set Headers" library="REST">
<tags>
<tag>settings</tag>
</tags>
<doc>*Sets new request headers or updates the existing.*</doc>
<arguments>
<arg>{"x-pot-signature": "${signature}", "x-app-token": "${APP_TOKEN}"}</arg>
</arguments>
<status status="PASS" starttime="20210618 15:21:20.759" endtime="20210618 15:21:20.760"></status>
</kw>
<kw name="Post" library="REST">
<tags>
<tag>http</tag>
</tags>
<doc>*Sends a POST request to the endpoint.*</doc>
<arguments>
<arg>${CONNECTOR_PATH}</arg>
<arg>${body}</arg>
</arguments>
<status status="PASS" starttime="20210618 15:21:20.760" endtime="20210618 15:21:22.817"></status>
</kw>
<kw name="Output Schema" library="REST">
<tags>
<tag>I/O</tag>
</tags>
<doc>*Outputs JSON Schema to terminal or a file.*</doc>
<arguments>
<arg>response body</arg>
</arguments>
<msg timestamp="20210618 15:21:22.818" level="INFO">
{
    "type": "object",
    "properties": {
        "error": {
            "type": "object",
            "properties": {
                "status": {
                    "type": "integer",
                    "default": 422
                },
                "message": {
                    "type": "object",
                    "properties": {
                        "parameters.targetObject": {
                            "type": "array",
                            "items": {
                                "type": "string"
                            },
                            "default": [
                                "Missing data for required field."
                            ]
                        }
                    },
                    "required": [
                        "parameters.targetObject"
                    ]
                }
            },
            "required": [
                "message",
                "status"
            ]
        }
    },
    "required": [
        "error"
    ]
}</msg>
<status status="PASS" starttime="20210618 15:21:22.818" endtime="20210618 15:21:22.822"></status>
</kw>
<status status="PASS" starttime="20210618 15:21:20.758" endtime="20210618 15:21:22.822"></status>
</kw>
<kw name="Integer" library="REST">
<tags>
<tag>assertions</tag>
</tags>
<doc>*Asserts the field as JSON integer.*</doc>
<arguments>
<arg>response status</arg>
<arg>422</arg>
</arguments>
<status status="PASS" starttime="20210618 15:21:22.826" endtime="20210618 15:21:22.827"></status>
</kw>
<kw name="Integer" library="REST">
<tags>
<tag>assertions</tag>
</tags>
<doc>*Asserts the field as JSON integer.*</doc>
<arguments>
<arg>response body error status</arg>
<arg>422</arg>
</arguments>
<status status="PASS" starttime="20210618 15:21:22.828" endtime="20210618 15:21:22.828"></status>
</kw>
<kw name="String" library="REST">
<tags>
<tag>assertions</tag>
</tags>
<doc>*Asserts the field as JSON string.*</doc>
<arguments>
<arg>response body error message parameters.targetObject 0</arg>
<arg>Missing data for required field.</arg>
</arguments>
<status status="PASS" starttime="20210618 15:21:22.829" endtime="20210618 15:21:22.830"></status>
</kw>
<tags>
<tag>bug-0003</tag>
</tags>
<status status="PASS" starttime="20210618 15:21:20.749" endtime="20210618 15:21:22.831" critical="yes"></status>
</test>
<test id="s1-t5" name="fetch, 200, Empty targetObject">
<kw name="Get Body">
<assign>
<var>${body}</var>
</assign>
<kw name="Copy Dictionary" library="Collections">
<doc>Returns a copy of the given dictionary.</doc>
<arguments>
<arg>${BROKER_BODY}</arg>
<arg>deepcopy=True</arg>
</arguments>
<assign>
<var>${body}</var>
</assign>
<msg timestamp="20210618 15:21:22.835" level="INFO">${body} = {'productCode': 'finavia-flights', 'parameters': {'targetObject': {'idLocal': ['HEL', 'KUO']}}}</msg>
<status status="PASS" starttime="20210618 15:21:22.834" endtime="20210618 15:21:22.835"></status>
</kw>
<kw name="Get Current Date" library="DateTime">
<doc>Returns current local or UTC time with an optional increment.</doc>
<arguments>
<arg>time_zone=UTC</arg>
<arg>result_format=%Y-%m-%dT%H:%M:%S+00:00</arg>
</arguments>
<assign>
<var>${now}</var>
</assign>
<msg timestamp="20210618 15:21:22.836" level="INFO">${now} = 2021-06-18T12:21:22+00:00</msg>
<status status="PASS" starttime="20210618 15:21:22.835" endtime="20210618 15:21:22.836"></status>
</kw>
<kw name="Set To Dictionary" library="Collections">
<doc>Adds the given ``key_value_pairs`` and ``items`` to the ``dictionary``.</doc>
<arguments>
<arg>${body}</arg>
<arg>timestamp</arg>
<arg>${now}</arg>
</arguments>
<status status="PASS" starttime="20210618 15:21:22.836" endtime="20210618 15:21:22.836"></status>
</kw>
<kw name="Set To Dictionary" library="Collections">
<doc>Adds the given ``key_value_pairs`` and ``items`` to the ``dictionary``.</doc>
<arguments>
<arg>${body}</arg>
<arg>&amp;{kwargs}</arg>
</arguments>
<status status="PASS" starttime="20210618 15:21:22.837" endtime="20210618 15:21:22.837"></status>
</kw>
<kw name="Evaluate" library="BuiltIn">
<doc>Evaluates the given expression in Python and returns the result.</doc>
<arguments>
<arg>json.dumps(${body})</arg>
<arg>json</arg>
</arguments>
<assign>
<var>${json_string}</var>
</assign>
<msg timestamp="20210618 15:21:22.838" level="INFO">${json_string} = {"productCode": "finavia-flights", "parameters": {"targetObject": {"idLocal": ["HEL", "KUO"]}}, "timestamp": "2021-06-18T12:21:22+00:00"}</msg>
<status status="PASS" starttime="20210618 15:21:22.837" endtime="20210618 15:21:22.838"></status>
</kw>
<msg timestamp="20210618 15:21:22.838" level="INFO">${body} = {'productCode': 'finavia-flights', 'parameters': {'targetObject': {'idLocal': ['HEL', 'KUO']}}, 'timestamp': '2021-06-18T12:21:22+00:00'}</msg>
<status status="PASS" starttime="20210618 15:21:22.834" endtime="20210618 15:21:22.838"></status>
</kw>
<kw name="Set To Dictionary" library="Collections">
<doc>Adds the given ``key_value_pairs`` and ``items`` to the ``dictionary``.</doc>
<arguments>
<arg>${body["parameters"]["targetObject"]}</arg>
<arg>idLocal=@{EMPTY}</arg>
</arguments>
<status status="PASS" starttime="20210618 15:21:22.839" endtime="20210618 15:21:22.839"></status>
</kw>
<kw name="Fetch Data Product">
<arguments>
<arg>${body}</arg>
</arguments>
<kw name="Calculate Pot Signature" library="PoTLib">
<arguments>
<arg>${body}</arg>
<arg>${CLIENT_SECRET}</arg>
</arguments>
<assign>
<var>${signature}</var>
</assign>
<msg timestamp="20210618 15:21:22.840" level="INFO">${signature} = fBqG6Fw5CEgNUTUYUkgY+K/IZkSTEan4TzdcPMSY5W0=</msg>
<status status="PASS" starttime="20210618 15:21:22.840" endtime="20210618 15:21:22.840"></status>
</kw>
<kw name="Set Headers" library="REST">
<tags>
<tag>settings</tag>
</tags>
<doc>*Sets new request headers or updates the existing.*</doc>
<arguments>
<arg>{"x-pot-signature": "${signature}", "x-app-token": "${APP_TOKEN}"}</arg>
</arguments>
<status status="PASS" starttime="20210618 15:21:22.840" endtime="20210618 15:21:22.841"></status>
</kw>
<kw name="Post" library="REST">
<tags>
<tag>http</tag>
</tags>
<doc>*Sends a POST request to the endpoint.*</doc>
<arguments>
<arg>${CONNECTOR_PATH}</arg>
<arg>${body}</arg>
</arguments>
<status status="PASS" starttime="20210618 15:21:22.841" endtime="20210618 15:21:24.912"></status>
</kw>
<kw name="Output Schema" library="REST">
<tags>
<tag>I/O</tag>
</tags>
<doc>*Outputs JSON Schema to terminal or a file.*</doc>
<arguments>
<arg>response body</arg>
</arguments>
<msg timestamp="20210618 15:21:24.913" level="INFO">
{
    "type": "object",
    "properties": {
        "@context": {
            "type": "string",
            "default": "https://standards.oftrust.net/v2/Context/DataProductOutput/VehicleInformation/FlightDeparture/"
        },
        "data": {
            "type": "object",
            "properties": {
                "flightDeparture": {
                    "type": "array",
                    "default": []
                }
            },
            "required": [
                "flightDeparture"
            ]
        },
        "signature": {
            "type": "object",
            "properties": {
                "type": {
                    "type": "string",
                    "default": "RsaSignature2018"
                },
                "created": {
                    "type": "string",
                    "default": "2021-06-18T15:21:24+03:00"
                },
                "creator": {
                    "type": "string",
                    "default": "http://localhost:8080/translator/v1/public.key"
                },
                "signatureValue": {
                    "type": "string",
                    "default": "I+RxYcQErlWGUA6PLrYYr/j826Zl8BQ+xQTovIAmZPexZwcyTtvYOoM46irX9rF6CwPQ9BtWCcPuZso3SzXcLs5wz1oqITnokCkigNIZQ6TN4YLvUlM0xQ7G+QE1HHie+zX+oT9C1WpvNoBx+j/EG0UUuc76kVOWWUr9KZYLKSeyonJXAMuCirOJSubfomBFK+mSpnfCDd5ntjFURIQB98Gar28PL4nloGnTlH5zyY5L8uxH4W6NWaf9L5chkD0ZAlKEywVMWsAx6XgmVxQLW7P0seWclgk9qra3Ccq1qSwWUi9WY725S7mEdqzjicfZzf2eMeR73rEWeXD1VknnDn032KOa8ldPl8Idc+meUE3t3RRyOkHWRw5mb3jLiIHJ5wfzYXIa59PVe5Fh/7qenIi+79OLzq/YwyfpxyzSMr3ShJaaaQD7O8MBMByAZ3vE00Wt6LO5GkaebRfTdS5DZIgXtyymTLGEtXNHGJlEU/s+eC52Ko7vAfQiy6hJj9cFgtAYCc3lfidO9RWRlizC6J3CEKtmjlUZcNLYZiVA4w6ikfZxRgqJsxjbKoQ09KPvH5IlX/PoGPGSmdZM7GYrPG7QIZncX2HP8QxyTvSZvHyngfO82Dy+oujLA9cou4RauzkEYbo00S9cJbXjI6Y4BiXMtZzkqlPILH02hF9kTPY="
                }
            },
            "required": [
                "created",
                "creator",
                "signatureValue",
                "type"
            ]
        }
    },
    "required": [
        "@context",
        "data",
        "signature"
    ]
}</msg>
<status status="PASS" starttime="20210618 15:21:24.912" endtime="20210618 15:21:24.919"></status>
</kw>
<status status="PASS" starttime="20210618 15:21:22.840" endtime="20210618 15:21:24.920"></status>
</kw>
<kw name="Integer" library="REST">
<tags>
<tag>assertions</tag>
</tags>
<doc>*Asserts the field as JSON integer.*</doc>
<arguments>
<arg>response status</arg>
<arg>200</arg>
</arguments>
<status status="PASS" starttime="20210618 15:21:24.924" endtime="20210618 15:21:24.925"></status>
</kw>
<kw name="String" library="REST">
<tags>
<tag>assertions</tag>
</tags>
<doc>*Asserts the field as JSON string.*</doc>
<arguments>
<arg>response body @context</arg>
<arg>https://standards.oftrust.net/v2/Context/DataProductOutput/VehicleInformation/FlightDeparture/</arg>
</arguments>
<status status="PASS" starttime="20210618 15:21:24.926" endtime="20210618 15:21:24.927"></status>
</kw>
<kw name="Array" library="REST">
<tags>
<tag>assertions</tag>
</tags>
<doc>*Asserts the field as JSON array.*</doc>
<arguments>
<arg>response body data flightDeparture</arg>
<arg>maxItems=0</arg>
</arguments>
<status status="PASS" starttime="20210618 15:21:24.928" endtime="20210618 15:21:24.929"></status>
</kw>
<tags>
<tag>bug-0004</tag>
</tags>
<status status="PASS" starttime="20210618 15:21:22.833" endtime="20210618 15:21:24.930" critical="yes"></status>
</test>
<doc>Finavia security flights API - REST</doc>
<status status="PASS" starttime="20210618 15:21:11.779" endtime="20210618 15:21:24.933"></status>
</suite>
<statistics>
<total>
<stat pass="5" fail="0">Critical Tests</stat>
<stat pass="5" fail="0">All Tests</stat>
</total>
<tag>
<stat pass="2" fail="0">bug-0001</stat>
<stat pass="1" fail="0">bug-0002</stat>
<stat pass="1" fail="0">bug-0003</stat>
<stat pass="1" fail="0">bug-0004</stat>
</tag>
<suite>
<stat pass="5" fail="0" id="s1" name="Connector Tests">Connector Tests</stat>
</suite>
</statistics>
<errors>
</errors>
</robot>
