<?xml version="1.0" encoding="UTF-8"?>
<robot generator="Robot 3.2.1 (Python 3.8.3 on win32)" generated="20200828 10:29:47.364" rpa="false">
<suite id="s1" name="Connector Tests" source="C:\Users\artor\WebstormProjects\translator\robottests\tests\talotohtori\connector_tests.robot">
<test id="s1-t1" name="fetch, 200">
<kw name="Get Body">
<assign>
<var>${body}</var>
</assign>
<kw name="Copy Dictionary" library="Collections">
<doc>Returns a copy of the given dictionary.</doc>
<arguments>
<arg>${BROKER_BODY}</arg>
<arg>deepcopy=True</arg>
</arguments>
<assign>
<var>${body}</var>
</assign>
<msg timestamp="20200828 10:29:47.607" level="INFO">${body} = {'productCode': 'default_talotohtori-consumption', 'parameters': {'ids': ['657', 'INVALID'], 'startTime': '2020-04-06T06:28:30.111Z', 'endTime': '2020-04-06T06:28:30.111Z'}}</msg>
<status status="PASS" starttime="20200828 10:29:47.607" endtime="20200828 10:29:47.607"></status>
</kw>
<kw name="Get Current Date" library="DateTime">
<doc>Returns current local or UTC time with an optional increment.</doc>
<arguments>
<arg>time_zone=UTC</arg>
<arg>result_format=%Y-%m-%dT%H:%M:%S+00:00</arg>
</arguments>
<assign>
<var>${now}</var>
</assign>
<msg timestamp="20200828 10:29:47.607" level="INFO">${now} = 2020-08-28T07:29:47+00:00</msg>
<status status="PASS" starttime="20200828 10:29:47.607" endtime="20200828 10:29:47.607"></status>
</kw>
<kw name="Set To Dictionary" library="Collections">
<doc>Adds the given ``key_value_pairs`` and ``items`` to the ``dictionary``.</doc>
<arguments>
<arg>${body}</arg>
<arg>timestamp</arg>
<arg>${now}</arg>
</arguments>
<status status="PASS" starttime="20200828 10:29:47.607" endtime="20200828 10:29:47.607"></status>
</kw>
<kw name="Set To Dictionary" library="Collections">
<doc>Adds the given ``key_value_pairs`` and ``items`` to the ``dictionary``.</doc>
<arguments>
<arg>${body}</arg>
<arg>&amp;{kwargs}</arg>
</arguments>
<status status="PASS" starttime="20200828 10:29:47.607" endtime="20200828 10:29:47.608"></status>
</kw>
<kw name="Evaluate" library="BuiltIn">
<doc>Evaluates the given expression in Python and returns the result.</doc>
<arguments>
<arg>json.dumps(${body})</arg>
<arg>json</arg>
</arguments>
<assign>
<var>${json_string}</var>
</assign>
<msg timestamp="20200828 10:29:47.608" level="INFO">${json_string} = {"productCode": "default_talotohtori-consumption", "parameters": {"ids": ["657", "INVALID"], "startTime": "2020-04-06T06:28:30.111Z", "endTime": "2020-04-06T06:28:30.111Z"}, "timestamp": "2020-08-28T0...</msg>
<status status="PASS" starttime="20200828 10:29:47.608" endtime="20200828 10:29:47.608"></status>
</kw>
<msg timestamp="20200828 10:29:47.608" level="INFO">${body} = {'productCode': 'default_talotohtori-consumption', 'parameters': {'ids': ['657', 'INVALID'], 'startTime': '2020-04-06T06:28:30.111Z', 'endTime': '2020-04-06T06:28:30.111Z'}, 'timestamp': '2020-08-28T0...</msg>
<status status="PASS" starttime="20200828 10:29:47.606" endtime="20200828 10:29:47.608"></status>
</kw>
<kw name="Fetch Data Product">
<arguments>
<arg>${body}</arg>
</arguments>
<kw name="Calculate Pot Signature" library="PoTLib">
<arguments>
<arg>${body}</arg>
<arg>${CLIENT_SECRET}</arg>
</arguments>
<assign>
<var>${signature}</var>
</assign>
<msg timestamp="20200828 10:29:47.609" level="INFO">${signature} = nnK98Kcq7OFO2qny71rCa5U54OtD8PrlhLbqVmPviYY=</msg>
<status status="PASS" starttime="20200828 10:29:47.609" endtime="20200828 10:29:47.609"></status>
</kw>
<kw name="Set Headers" library="REST">
<tags>
<tag>settings</tag>
</tags>
<doc>*Sets new request headers or updates the existing.*</doc>
<arguments>
<arg>{"x-pot-signature": "${signature}", "x-app-token": "${APP_TOKEN}"}</arg>
</arguments>
<status status="PASS" starttime="20200828 10:29:47.609" endtime="20200828 10:29:47.609"></status>
</kw>
<kw name="Post" library="REST">
<tags>
<tag>http</tag>
</tags>
<doc>*Sends a POST request to the endpoint.*</doc>
<arguments>
<arg>${CONNECTOR_PATH}</arg>
<arg>${body}</arg>
</arguments>
<status status="PASS" starttime="20200828 10:29:47.609" endtime="20200828 10:29:49.710"></status>
</kw>
<kw name="Output Schema" library="REST">
<tags>
<tag>I/O</tag>
</tags>
<doc>*Outputs JSON Schema to terminal or a file.*</doc>
<arguments>
<arg>response body</arg>
</arguments>
<msg timestamp="20200828 10:29:49.711" level="INFO">
{
    "type": "object",
    "properties": {
        "@context": {
            "type": "string",
            "default": "https://standards.oftrust.net/v2/Context/DataProductOutput/Sensor/"
        },
        "data": {
            "type": "object",
            "properties": {
                "sensors": {
                    "type": "array",
                    "items": {
                        "type": "object",
                        "properties": {
                            "id": {
                                "type": "string"
                            },
                            "measurements": {
                                "type": "array",
                                "items": {
                                    "type": "object",
                                    "properties": {
                                        "@type": {
                                            "type": "string"
                                        },
                                        "value": {
                                            "type": "number"
                                        },
                                        "timestamp": {
                                            "type": "string"
                                        }
                                    },
                                    "required": [
                                        "@type",
                                        "timestamp",
                                        "value"
                                    ]
                                }
                            }
                        },
                        "required": [
                            "id",
                            "measurements"
                        ]
                    },
                    "default": [
                        {
                            "id": "657",
                            "measurements": [
                                {
                                    "@type": "MeasureEnergyConsumptionKilowattHour",
                                    "value": 0.02,
                                    "timestamp": "2020-04-06T06:28:30.111Z"
                                }
                            ]
                        }
                    ]
                }
            },
            "required": [
                "sensors"
            ]
        },
        "signature": {
            "type": "object",
            "properties": {
                "type": {
                    "type": "string",
                    "default": "RsaSignature2018"
                },
                "created": {
                    "type": "string",
                    "default": "2020-08-28T10:29:49+03:00"
                },
                "creator": {
                    "type": "string",
                    "default": "http://localhost:8080/translator/v1/public.key"
                },
                "signatureValue": {
                    "type": "string",
                    "default": "rHhG9TKlKfqKnfh29GbPzWjthWj2i4xK+C5JjYb73zywPdKlVK0GDJs+TsfcwhXLs1T4h7iSa57ql0l6wDOuOjS8tyWB7ENk8vEM4xNrST5z7pMUgbGSaMPE2e9ySfl8gk1LcuMhqJYTum1ae9S0y0/t2XfQV/31sbKjqfSnaj6RpdKbMwziWspTtdlaPYmHUWHr1vZjEYaZ+cIslIy1xnhI1d6IXXTBsyhAX+oc4ZQwqy0b4ZNAnKmMk/Bn+yvFI22XKS+PRJVf5Xn3A7FKxU2rTifvt8fDKL21m/DioiY51E04FSlqsQOtEhU83ERu6e6Ikk7jAbB5cjHx4N6wV0P0EXXCF2qLe7fbXaAoWC0QY7geBojm+wSYrKQFt4Z+IYaESqWZEaD+MqSuP3vYZZ3yeXPvbsNVEQhlLE3LF20aB9aWaMGCMeUTQaB3zwa7qMf6y+cB7Yoey18H2RFpCaSFQqjgp0oAYPNLu9GE6jxDHkYH1kWb8xT/XVjE6NLPWyUCDIv4jLIHsvG2ON7cebpR8gTYyKowKrSPPKUcsDNh3onehV+CYYH3ku1JLj49lTvdiTQNnWiHUA/mp/72JVH4rk14x9n/30V24BijoNsnwVlMCDLRon4/+ZY455jpoaQh/oH63oFuexnOArdI4c/af7BITTLHlpkLyaTzQtg="
                }
            },
            "required": [
                "created",
                "creator",
                "signatureValue",
                "type"
            ]
        }
    },
    "required": [
        "@context",
        "data",
        "signature"
    ]
}</msg>
<status status="PASS" starttime="20200828 10:29:49.710" endtime="20200828 10:29:49.720"></status>
</kw>
<status status="PASS" starttime="20200828 10:29:47.608" endtime="20200828 10:29:49.720"></status>
</kw>
<kw name="Integer" library="REST">
<tags>
<tag>assertions</tag>
</tags>
<doc>*Asserts the field as JSON integer.*</doc>
<arguments>
<arg>response status</arg>
<arg>200</arg>
</arguments>
<status status="PASS" starttime="20200828 10:29:49.720" endtime="20200828 10:29:49.721"></status>
</kw>
<kw name="String" library="REST">
<tags>
<tag>assertions</tag>
</tags>
<doc>*Asserts the field as JSON string.*</doc>
<arguments>
<arg>response body @context</arg>
<arg>https://standards.oftrust.net/v2/Context/DataProductOutput/Sensor/</arg>
</arguments>
<status status="PASS" starttime="20200828 10:29:49.721" endtime="20200828 10:29:49.722"></status>
</kw>
<kw name="Object" library="REST">
<tags>
<tag>assertions</tag>
</tags>
<doc>*Asserts the field as JSON object.*</doc>
<arguments>
<arg>response body data</arg>
</arguments>
<status status="PASS" starttime="20200828 10:29:49.722" endtime="20200828 10:29:49.723"></status>
</kw>
<kw name="Array" library="REST">
<tags>
<tag>assertions</tag>
</tags>
<doc>*Asserts the field as JSON array.*</doc>
<arguments>
<arg>response body data sensors</arg>
</arguments>
<status status="PASS" starttime="20200828 10:29:49.723" endtime="20200828 10:29:49.724"></status>
</kw>
<kw name="Array" library="REST">
<tags>
<tag>assertions</tag>
</tags>
<doc>*Asserts the field as JSON array.*</doc>
<arguments>
<arg>response body data sensors 0 measurements</arg>
</arguments>
<status status="PASS" starttime="20200828 10:29:49.724" endtime="20200828 10:29:49.724"></status>
</kw>
<kw name="String" library="REST">
<tags>
<tag>assertions</tag>
</tags>
<doc>*Asserts the field as JSON string.*</doc>
<arguments>
<arg>response body data sensors 0 measurements 0 @type</arg>
<arg>MeasureEnergyConsumptionKilowattHour</arg>
</arguments>
<status status="PASS" starttime="20200828 10:29:49.725" endtime="20200828 10:29:49.725"></status>
</kw>
<tags>
<tag>bug-0001</tag>
</tags>
<status status="PASS" starttime="20200828 10:29:47.606" endtime="20200828 10:29:49.726" critical="yes"></status>
</test>
<test id="s1-t2" name="fetch, 422, Missing data for timestamp required field">
<kw name="Get Body">
<assign>
<var>${body}</var>
</assign>
<kw name="Copy Dictionary" library="Collections">
<doc>Returns a copy of the given dictionary.</doc>
<arguments>
<arg>${BROKER_BODY}</arg>
<arg>deepcopy=True</arg>
</arguments>
<assign>
<var>${body}</var>
</assign>
<msg timestamp="20200828 10:29:49.727" level="INFO">${body} = {'productCode': 'default_talotohtori-consumption', 'parameters': {'ids': ['657', 'INVALID'], 'startTime': '2020-04-06T06:28:30.111Z', 'endTime': '2020-04-06T06:28:30.111Z'}}</msg>
<status status="PASS" starttime="20200828 10:29:49.727" endtime="20200828 10:29:49.728"></status>
</kw>
<kw name="Get Current Date" library="DateTime">
<doc>Returns current local or UTC time with an optional increment.</doc>
<arguments>
<arg>time_zone=UTC</arg>
<arg>result_format=%Y-%m-%dT%H:%M:%S+00:00</arg>
</arguments>
<assign>
<var>${now}</var>
</assign>
<msg timestamp="20200828 10:29:49.728" level="INFO">${now} = 2020-08-28T07:29:49+00:00</msg>
<status status="PASS" starttime="20200828 10:29:49.728" endtime="20200828 10:29:49.728"></status>
</kw>
<kw name="Set To Dictionary" library="Collections">
<doc>Adds the given ``key_value_pairs`` and ``items`` to the ``dictionary``.</doc>
<arguments>
<arg>${body}</arg>
<arg>timestamp</arg>
<arg>${now}</arg>
</arguments>
<status status="PASS" starttime="20200828 10:29:49.728" endtime="20200828 10:29:49.728"></status>
</kw>
<kw name="Set To Dictionary" library="Collections">
<doc>Adds the given ``key_value_pairs`` and ``items`` to the ``dictionary``.</doc>
<arguments>
<arg>${body}</arg>
<arg>&amp;{kwargs}</arg>
</arguments>
<status status="PASS" starttime="20200828 10:29:49.728" endtime="20200828 10:29:49.728"></status>
</kw>
<kw name="Evaluate" library="BuiltIn">
<doc>Evaluates the given expression in Python and returns the result.</doc>
<arguments>
<arg>json.dumps(${body})</arg>
<arg>json</arg>
</arguments>
<assign>
<var>${json_string}</var>
</assign>
<msg timestamp="20200828 10:29:49.729" level="INFO">${json_string} = {"productCode": "default_talotohtori-consumption", "parameters": {"ids": ["657", "INVALID"], "startTime": "2020-04-06T06:28:30.111Z", "endTime": "2020-04-06T06:28:30.111Z"}, "timestamp": "2020-08-28T0...</msg>
<status status="PASS" starttime="20200828 10:29:49.728" endtime="20200828 10:29:49.729"></status>
</kw>
<msg timestamp="20200828 10:29:49.729" level="INFO">${body} = {'productCode': 'default_talotohtori-consumption', 'parameters': {'ids': ['657', 'INVALID'], 'startTime': '2020-04-06T06:28:30.111Z', 'endTime': '2020-04-06T06:28:30.111Z'}, 'timestamp': '2020-08-28T0...</msg>
<status status="PASS" starttime="20200828 10:29:49.727" endtime="20200828 10:29:49.729"></status>
</kw>
<kw name="Pop From Dictionary" library="Collections">
<doc>Pops the given ``key`` from the ``dictionary`` and returns its value.</doc>
<arguments>
<arg>${body}</arg>
<arg>timestamp</arg>
</arguments>
<status status="PASS" starttime="20200828 10:29:49.729" endtime="20200828 10:29:49.729"></status>
</kw>
<kw name="Fetch Data Product">
<arguments>
<arg>${body}</arg>
</arguments>
<kw name="Calculate Pot Signature" library="PoTLib">
<arguments>
<arg>${body}</arg>
<arg>${CLIENT_SECRET}</arg>
</arguments>
<assign>
<var>${signature}</var>
</assign>
<msg timestamp="20200828 10:29:49.730" level="INFO">${signature} = NG5xSmHwJGsf8SDU9OyjKozgLXf82Phv25B9gKqbcK4=</msg>
<status status="PASS" starttime="20200828 10:29:49.730" endtime="20200828 10:29:49.730"></status>
</kw>
<kw name="Set Headers" library="REST">
<tags>
<tag>settings</tag>
</tags>
<doc>*Sets new request headers or updates the existing.*</doc>
<arguments>
<arg>{"x-pot-signature": "${signature}", "x-app-token": "${APP_TOKEN}"}</arg>
</arguments>
<status status="PASS" starttime="20200828 10:29:49.730" endtime="20200828 10:29:49.730"></status>
</kw>
<kw name="Post" library="REST">
<tags>
<tag>http</tag>
</tags>
<doc>*Sends a POST request to the endpoint.*</doc>
<arguments>
<arg>${CONNECTOR_PATH}</arg>
<arg>${body}</arg>
</arguments>
<status status="PASS" starttime="20200828 10:29:49.730" endtime="20200828 10:29:51.737"></status>
</kw>
<kw name="Output Schema" library="REST">
<tags>
<tag>I/O</tag>
</tags>
<doc>*Outputs JSON Schema to terminal or a file.*</doc>
<arguments>
<arg>response body</arg>
</arguments>
<msg timestamp="20200828 10:29:51.738" level="INFO">
{
    "type": "object",
    "properties": {
        "error": {
            "type": "object",
            "properties": {
                "status": {
                    "type": "integer",
                    "default": 422
                },
                "message": {
                    "type": "object",
                    "properties": {
                        "timestamp": {
                            "type": "array",
                            "items": {
                                "type": "string"
                            },
                            "default": [
                                "Missing data for required field."
                            ]
                        }
                    },
                    "required": [
                        "timestamp"
                    ]
                }
            },
            "required": [
                "message",
                "status"
            ]
        }
    },
    "required": [
        "error"
    ]
}</msg>
<status status="PASS" starttime="20200828 10:29:51.737" endtime="20200828 10:29:51.739"></status>
</kw>
<status status="PASS" starttime="20200828 10:29:49.729" endtime="20200828 10:29:51.739"></status>
</kw>
<kw name="Integer" library="REST">
<tags>
<tag>assertions</tag>
</tags>
<doc>*Asserts the field as JSON integer.*</doc>
<arguments>
<arg>response status</arg>
<arg>422</arg>
</arguments>
<status status="PASS" starttime="20200828 10:29:51.740" endtime="20200828 10:29:51.740"></status>
</kw>
<kw name="Integer" library="REST">
<tags>
<tag>assertions</tag>
</tags>
<doc>*Asserts the field as JSON integer.*</doc>
<arguments>
<arg>response body error status</arg>
<arg>422</arg>
</arguments>
<status status="PASS" starttime="20200828 10:29:51.740" endtime="20200828 10:29:51.741"></status>
</kw>
<kw name="String" library="REST">
<tags>
<tag>assertions</tag>
</tags>
<doc>*Asserts the field as JSON string.*</doc>
<arguments>
<arg>response body error message timestamp 0</arg>
<arg>Missing data for required field.</arg>
</arguments>
<status status="PASS" starttime="20200828 10:29:51.742" endtime="20200828 10:29:51.742"></status>
</kw>
<tags>
<tag>bug-0001</tag>
</tags>
<status status="PASS" starttime="20200828 10:29:49.727" endtime="20200828 10:29:51.742" critical="yes"></status>
</test>
<test id="s1-t3" name="fetch, 422, Missing data for parameters required field">
<kw name="Get Body">
<assign>
<var>${body}</var>
</assign>
<kw name="Copy Dictionary" library="Collections">
<doc>Returns a copy of the given dictionary.</doc>
<arguments>
<arg>${BROKER_BODY}</arg>
<arg>deepcopy=True</arg>
</arguments>
<assign>
<var>${body}</var>
</assign>
<msg timestamp="20200828 10:29:51.744" level="INFO">${body} = {'productCode': 'default_talotohtori-consumption', 'parameters': {'ids': ['657', 'INVALID'], 'startTime': '2020-04-06T06:28:30.111Z', 'endTime': '2020-04-06T06:28:30.111Z'}}</msg>
<status status="PASS" starttime="20200828 10:29:51.744" endtime="20200828 10:29:51.744"></status>
</kw>
<kw name="Get Current Date" library="DateTime">
<doc>Returns current local or UTC time with an optional increment.</doc>
<arguments>
<arg>time_zone=UTC</arg>
<arg>result_format=%Y-%m-%dT%H:%M:%S+00:00</arg>
</arguments>
<assign>
<var>${now}</var>
</assign>
<msg timestamp="20200828 10:29:51.744" level="INFO">${now} = 2020-08-28T07:29:51+00:00</msg>
<status status="PASS" starttime="20200828 10:29:51.744" endtime="20200828 10:29:51.744"></status>
</kw>
<kw name="Set To Dictionary" library="Collections">
<doc>Adds the given ``key_value_pairs`` and ``items`` to the ``dictionary``.</doc>
<arguments>
<arg>${body}</arg>
<arg>timestamp</arg>
<arg>${now}</arg>
</arguments>
<status status="PASS" starttime="20200828 10:29:51.745" endtime="20200828 10:29:51.745"></status>
</kw>
<kw name="Set To Dictionary" library="Collections">
<doc>Adds the given ``key_value_pairs`` and ``items`` to the ``dictionary``.</doc>
<arguments>
<arg>${body}</arg>
<arg>&amp;{kwargs}</arg>
</arguments>
<status status="PASS" starttime="20200828 10:29:51.745" endtime="20200828 10:29:51.745"></status>
</kw>
<kw name="Evaluate" library="BuiltIn">
<doc>Evaluates the given expression in Python and returns the result.</doc>
<arguments>
<arg>json.dumps(${body})</arg>
<arg>json</arg>
</arguments>
<assign>
<var>${json_string}</var>
</assign>
<msg timestamp="20200828 10:29:51.745" level="INFO">${json_string} = {"productCode": "default_talotohtori-consumption", "parameters": {"ids": ["657", "INVALID"], "startTime": "2020-04-06T06:28:30.111Z", "endTime": "2020-04-06T06:28:30.111Z"}, "timestamp": "2020-08-28T0...</msg>
<status status="PASS" starttime="20200828 10:29:51.745" endtime="20200828 10:29:51.745"></status>
</kw>
<msg timestamp="20200828 10:29:51.745" level="INFO">${body} = {'productCode': 'default_talotohtori-consumption', 'parameters': {'ids': ['657', 'INVALID'], 'startTime': '2020-04-06T06:28:30.111Z', 'endTime': '2020-04-06T06:28:30.111Z'}, 'timestamp': '2020-08-28T0...</msg>
<status status="PASS" starttime="20200828 10:29:51.744" endtime="20200828 10:29:51.745"></status>
</kw>
<kw name="Pop From Dictionary" library="Collections">
<doc>Pops the given ``key`` from the ``dictionary`` and returns its value.</doc>
<arguments>
<arg>${body}</arg>
<arg>parameters</arg>
</arguments>
<status status="PASS" starttime="20200828 10:29:51.746" endtime="20200828 10:29:51.746"></status>
</kw>
<kw name="Fetch Data Product">
<arguments>
<arg>${body}</arg>
</arguments>
<kw name="Calculate Pot Signature" library="PoTLib">
<arguments>
<arg>${body}</arg>
<arg>${CLIENT_SECRET}</arg>
</arguments>
<assign>
<var>${signature}</var>
</assign>
<msg timestamp="20200828 10:29:51.747" level="INFO">${signature} = UDbepCdMstyETU5tAGCoPO33PC1BIDvmAHxmOtzn65k=</msg>
<status status="PASS" starttime="20200828 10:29:51.746" endtime="20200828 10:29:51.747"></status>
</kw>
<kw name="Set Headers" library="REST">
<tags>
<tag>settings</tag>
</tags>
<doc>*Sets new request headers or updates the existing.*</doc>
<arguments>
<arg>{"x-pot-signature": "${signature}", "x-app-token": "${APP_TOKEN}"}</arg>
</arguments>
<status status="PASS" starttime="20200828 10:29:51.747" endtime="20200828 10:29:51.747"></status>
</kw>
<kw name="Post" library="REST">
<tags>
<tag>http</tag>
</tags>
<doc>*Sends a POST request to the endpoint.*</doc>
<arguments>
<arg>${CONNECTOR_PATH}</arg>
<arg>${body}</arg>
</arguments>
<status status="PASS" starttime="20200828 10:29:51.747" endtime="20200828 10:29:53.753"></status>
</kw>
<kw name="Output Schema" library="REST">
<tags>
<tag>I/O</tag>
</tags>
<doc>*Outputs JSON Schema to terminal or a file.*</doc>
<arguments>
<arg>response body</arg>
</arguments>
<msg timestamp="20200828 10:29:53.753" level="INFO">
{
    "type": "object",
    "properties": {
        "error": {
            "type": "object",
            "properties": {
                "status": {
                    "type": "integer",
                    "default": 422
                },
                "message": {
                    "type": "object",
                    "properties": {
                        "parameters": {
                            "type": "array",
                            "items": {
                                "type": "string"
                            },
                            "default": [
                                "Missing data for required field."
                            ]
                        }
                    },
                    "required": [
                        "parameters"
                    ]
                }
            },
            "required": [
                "message",
                "status"
            ]
        }
    },
    "required": [
        "error"
    ]
}</msg>
<status status="PASS" starttime="20200828 10:29:53.753" endtime="20200828 10:29:53.754"></status>
</kw>
<status status="PASS" starttime="20200828 10:29:51.746" endtime="20200828 10:29:53.755"></status>
</kw>
<kw name="Integer" library="REST">
<tags>
<tag>assertions</tag>
</tags>
<doc>*Asserts the field as JSON integer.*</doc>
<arguments>
<arg>response status</arg>
<arg>422</arg>
</arguments>
<status status="PASS" starttime="20200828 10:29:53.756" endtime="20200828 10:29:53.756"></status>
</kw>
<kw name="Integer" library="REST">
<tags>
<tag>assertions</tag>
</tags>
<doc>*Asserts the field as JSON integer.*</doc>
<arguments>
<arg>response body error status</arg>
<arg>422</arg>
</arguments>
<status status="PASS" starttime="20200828 10:29:53.757" endtime="20200828 10:29:53.757"></status>
</kw>
<kw name="String" library="REST">
<tags>
<tag>assertions</tag>
</tags>
<doc>*Asserts the field as JSON string.*</doc>
<arguments>
<arg>response body error message parameters 0</arg>
<arg>Missing data for required field.</arg>
</arguments>
<status status="PASS" starttime="20200828 10:29:53.757" endtime="20200828 10:29:53.758"></status>
</kw>
<tags>
<tag>bug-0002</tag>
</tags>
<status status="PASS" starttime="20200828 10:29:51.743" endtime="20200828 10:29:53.758" critical="yes"></status>
</test>
<test id="s1-t4" name="fetch, 422, Missing data for ids required field">
<kw name="Get Body">
<assign>
<var>${body}</var>
</assign>
<kw name="Copy Dictionary" library="Collections">
<doc>Returns a copy of the given dictionary.</doc>
<arguments>
<arg>${BROKER_BODY}</arg>
<arg>deepcopy=True</arg>
</arguments>
<assign>
<var>${body}</var>
</assign>
<msg timestamp="20200828 10:29:53.760" level="INFO">${body} = {'productCode': 'default_talotohtori-consumption', 'parameters': {'ids': ['657', 'INVALID'], 'startTime': '2020-04-06T06:28:30.111Z', 'endTime': '2020-04-06T06:28:30.111Z'}}</msg>
<status status="PASS" starttime="20200828 10:29:53.760" endtime="20200828 10:29:53.760"></status>
</kw>
<kw name="Get Current Date" library="DateTime">
<doc>Returns current local or UTC time with an optional increment.</doc>
<arguments>
<arg>time_zone=UTC</arg>
<arg>result_format=%Y-%m-%dT%H:%M:%S+00:00</arg>
</arguments>
<assign>
<var>${now}</var>
</assign>
<msg timestamp="20200828 10:29:53.760" level="INFO">${now} = 2020-08-28T07:29:53+00:00</msg>
<status status="PASS" starttime="20200828 10:29:53.760" endtime="20200828 10:29:53.760"></status>
</kw>
<kw name="Set To Dictionary" library="Collections">
<doc>Adds the given ``key_value_pairs`` and ``items`` to the ``dictionary``.</doc>
<arguments>
<arg>${body}</arg>
<arg>timestamp</arg>
<arg>${now}</arg>
</arguments>
<status status="PASS" starttime="20200828 10:29:53.760" endtime="20200828 10:29:53.761"></status>
</kw>
<kw name="Set To Dictionary" library="Collections">
<doc>Adds the given ``key_value_pairs`` and ``items`` to the ``dictionary``.</doc>
<arguments>
<arg>${body}</arg>
<arg>&amp;{kwargs}</arg>
</arguments>
<status status="PASS" starttime="20200828 10:29:53.761" endtime="20200828 10:29:53.761"></status>
</kw>
<kw name="Evaluate" library="BuiltIn">
<doc>Evaluates the given expression in Python and returns the result.</doc>
<arguments>
<arg>json.dumps(${body})</arg>
<arg>json</arg>
</arguments>
<assign>
<var>${json_string}</var>
</assign>
<msg timestamp="20200828 10:29:53.761" level="INFO">${json_string} = {"productCode": "default_talotohtori-consumption", "parameters": {"ids": ["657", "INVALID"], "startTime": "2020-04-06T06:28:30.111Z", "endTime": "2020-04-06T06:28:30.111Z"}, "timestamp": "2020-08-28T0...</msg>
<status status="PASS" starttime="20200828 10:29:53.761" endtime="20200828 10:29:53.761"></status>
</kw>
<msg timestamp="20200828 10:29:53.761" level="INFO">${body} = {'productCode': 'default_talotohtori-consumption', 'parameters': {'ids': ['657', 'INVALID'], 'startTime': '2020-04-06T06:28:30.111Z', 'endTime': '2020-04-06T06:28:30.111Z'}, 'timestamp': '2020-08-28T0...</msg>
<status status="PASS" starttime="20200828 10:29:53.759" endtime="20200828 10:29:53.761"></status>
</kw>
<kw name="Pop From Dictionary" library="Collections">
<doc>Pops the given ``key`` from the ``dictionary`` and returns its value.</doc>
<arguments>
<arg>${body["parameters"]}</arg>
<arg>ids</arg>
</arguments>
<status status="PASS" starttime="20200828 10:29:53.762" endtime="20200828 10:29:53.762"></status>
</kw>
<kw name="Fetch Data Product">
<arguments>
<arg>${body}</arg>
</arguments>
<kw name="Calculate Pot Signature" library="PoTLib">
<arguments>
<arg>${body}</arg>
<arg>${CLIENT_SECRET}</arg>
</arguments>
<assign>
<var>${signature}</var>
</assign>
<msg timestamp="20200828 10:29:53.763" level="INFO">${signature} = vJOYJ4AM+76xfnSpQvjUs+vktfWiXiCoUZEAVJsJhtY=</msg>
<status status="PASS" starttime="20200828 10:29:53.762" endtime="20200828 10:29:53.763"></status>
</kw>
<kw name="Set Headers" library="REST">
<tags>
<tag>settings</tag>
</tags>
<doc>*Sets new request headers or updates the existing.*</doc>
<arguments>
<arg>{"x-pot-signature": "${signature}", "x-app-token": "${APP_TOKEN}"}</arg>
</arguments>
<status status="PASS" starttime="20200828 10:29:53.763" endtime="20200828 10:29:53.763"></status>
</kw>
<kw name="Post" library="REST">
<tags>
<tag>http</tag>
</tags>
<doc>*Sends a POST request to the endpoint.*</doc>
<arguments>
<arg>${CONNECTOR_PATH}</arg>
<arg>${body}</arg>
</arguments>
<status status="PASS" starttime="20200828 10:29:53.763" endtime="20200828 10:29:55.781"></status>
</kw>
<kw name="Output Schema" library="REST">
<tags>
<tag>I/O</tag>
</tags>
<doc>*Outputs JSON Schema to terminal or a file.*</doc>
<arguments>
<arg>response body</arg>
</arguments>
<msg timestamp="20200828 10:29:55.781" level="INFO">
{
    "type": "object",
    "properties": {
        "error": {
            "type": "object",
            "properties": {
                "status": {
                    "type": "integer",
                    "default": 422
                },
                "message": {
                    "type": "object",
                    "properties": {
                        "parameters.ids": {
                            "type": "array",
                            "items": {
                                "type": "string"
                            },
                            "default": [
                                "Missing data for required field."
                            ]
                        }
                    },
                    "required": [
                        "parameters.ids"
                    ]
                }
            },
            "required": [
                "message",
                "status"
            ]
        }
    },
    "required": [
        "error"
    ]
}</msg>
<status status="PASS" starttime="20200828 10:29:55.781" endtime="20200828 10:29:55.782"></status>
</kw>
<status status="PASS" starttime="20200828 10:29:53.762" endtime="20200828 10:29:55.782"></status>
</kw>
<kw name="Integer" library="REST">
<tags>
<tag>assertions</tag>
</tags>
<doc>*Asserts the field as JSON integer.*</doc>
<arguments>
<arg>response status</arg>
<arg>422</arg>
</arguments>
<status status="PASS" starttime="20200828 10:29:55.783" endtime="20200828 10:29:55.783"></status>
</kw>
<kw name="Integer" library="REST">
<tags>
<tag>assertions</tag>
</tags>
<doc>*Asserts the field as JSON integer.*</doc>
<arguments>
<arg>response body error status</arg>
<arg>422</arg>
</arguments>
<status status="PASS" starttime="20200828 10:29:55.784" endtime="20200828 10:29:55.784"></status>
</kw>
<kw name="String" library="REST">
<tags>
<tag>assertions</tag>
</tags>
<doc>*Asserts the field as JSON string.*</doc>
<arguments>
<arg>response body error message parameters.ids 0</arg>
<arg>Missing data for required field.</arg>
</arguments>
<status status="PASS" starttime="20200828 10:29:55.785" endtime="20200828 10:29:55.785"></status>
</kw>
<tags>
<tag>bug-0003</tag>
</tags>
<status status="PASS" starttime="20200828 10:29:53.759" endtime="20200828 10:29:55.785" critical="yes"></status>
</test>
<test id="s1-t5" name="fetch, 200, Empty ids">
<kw name="Get Body">
<assign>
<var>${body}</var>
</assign>
<kw name="Copy Dictionary" library="Collections">
<doc>Returns a copy of the given dictionary.</doc>
<arguments>
<arg>${BROKER_BODY}</arg>
<arg>deepcopy=True</arg>
</arguments>
<assign>
<var>${body}</var>
</assign>
<msg timestamp="20200828 10:29:55.788" level="INFO">${body} = {'productCode': 'default_talotohtori-consumption', 'parameters': {'ids': ['657', 'INVALID'], 'startTime': '2020-04-06T06:28:30.111Z', 'endTime': '2020-04-06T06:28:30.111Z'}}</msg>
<status status="PASS" starttime="20200828 10:29:55.787" endtime="20200828 10:29:55.788"></status>
</kw>
<kw name="Get Current Date" library="DateTime">
<doc>Returns current local or UTC time with an optional increment.</doc>
<arguments>
<arg>time_zone=UTC</arg>
<arg>result_format=%Y-%m-%dT%H:%M:%S+00:00</arg>
</arguments>
<assign>
<var>${now}</var>
</assign>
<msg timestamp="20200828 10:29:55.788" level="INFO">${now} = 2020-08-28T07:29:55+00:00</msg>
<status status="PASS" starttime="20200828 10:29:55.788" endtime="20200828 10:29:55.788"></status>
</kw>
<kw name="Set To Dictionary" library="Collections">
<doc>Adds the given ``key_value_pairs`` and ``items`` to the ``dictionary``.</doc>
<arguments>
<arg>${body}</arg>
<arg>timestamp</arg>
<arg>${now}</arg>
</arguments>
<status status="PASS" starttime="20200828 10:29:55.788" endtime="20200828 10:29:55.788"></status>
</kw>
<kw name="Set To Dictionary" library="Collections">
<doc>Adds the given ``key_value_pairs`` and ``items`` to the ``dictionary``.</doc>
<arguments>
<arg>${body}</arg>
<arg>&amp;{kwargs}</arg>
</arguments>
<status status="PASS" starttime="20200828 10:29:55.788" endtime="20200828 10:29:55.789"></status>
</kw>
<kw name="Evaluate" library="BuiltIn">
<doc>Evaluates the given expression in Python and returns the result.</doc>
<arguments>
<arg>json.dumps(${body})</arg>
<arg>json</arg>
</arguments>
<assign>
<var>${json_string}</var>
</assign>
<msg timestamp="20200828 10:29:55.789" level="INFO">${json_string} = {"productCode": "default_talotohtori-consumption", "parameters": {"ids": ["657", "INVALID"], "startTime": "2020-04-06T06:28:30.111Z", "endTime": "2020-04-06T06:28:30.111Z"}, "timestamp": "2020-08-28T0...</msg>
<status status="PASS" starttime="20200828 10:29:55.789" endtime="20200828 10:29:55.789"></status>
</kw>
<msg timestamp="20200828 10:29:55.789" level="INFO">${body} = {'productCode': 'default_talotohtori-consumption', 'parameters': {'ids': ['657', 'INVALID'], 'startTime': '2020-04-06T06:28:30.111Z', 'endTime': '2020-04-06T06:28:30.111Z'}, 'timestamp': '2020-08-28T0...</msg>
<status status="PASS" starttime="20200828 10:29:55.787" endtime="20200828 10:29:55.789"></status>
</kw>
<kw name="Set To Dictionary" library="Collections">
<doc>Adds the given ``key_value_pairs`` and ``items`` to the ``dictionary``.</doc>
<arguments>
<arg>${body["parameters"]}</arg>
<arg>ids=@{EMPTY}</arg>
</arguments>
<status status="PASS" starttime="20200828 10:29:55.790" endtime="20200828 10:29:55.790"></status>
</kw>
<kw name="Fetch Data Product">
<arguments>
<arg>${body}</arg>
</arguments>
<kw name="Calculate Pot Signature" library="PoTLib">
<arguments>
<arg>${body}</arg>
<arg>${CLIENT_SECRET}</arg>
</arguments>
<assign>
<var>${signature}</var>
</assign>
<msg timestamp="20200828 10:29:55.791" level="INFO">${signature} = c/I801qi4dXVO8pU2kiP6LFQw/gWoVrMZJzD/mxa3pU=</msg>
<status status="PASS" starttime="20200828 10:29:55.790" endtime="20200828 10:29:55.791"></status>
</kw>
<kw name="Set Headers" library="REST">
<tags>
<tag>settings</tag>
</tags>
<doc>*Sets new request headers or updates the existing.*</doc>
<arguments>
<arg>{"x-pot-signature": "${signature}", "x-app-token": "${APP_TOKEN}"}</arg>
</arguments>
<status status="PASS" starttime="20200828 10:29:55.791" endtime="20200828 10:29:55.791"></status>
</kw>
<kw name="Post" library="REST">
<tags>
<tag>http</tag>
</tags>
<doc>*Sends a POST request to the endpoint.*</doc>
<arguments>
<arg>${CONNECTOR_PATH}</arg>
<arg>${body}</arg>
</arguments>
<status status="PASS" starttime="20200828 10:29:55.791" endtime="20200828 10:29:57.806"></status>
</kw>
<kw name="Output Schema" library="REST">
<tags>
<tag>I/O</tag>
</tags>
<doc>*Outputs JSON Schema to terminal or a file.*</doc>
<arguments>
<arg>response body</arg>
</arguments>
<msg timestamp="20200828 10:29:57.807" level="INFO">
{
    "type": "object",
    "properties": {
        "@context": {
            "type": "string",
            "default": "https://standards.oftrust.net/v2/Context/DataProductOutput/Sensor/"
        },
        "data": {
            "type": "object",
            "properties": {
                "sensors": {
                    "type": "array",
                    "default": []
                }
            },
            "required": [
                "sensors"
            ]
        },
        "signature": {
            "type": "object",
            "properties": {
                "type": {
                    "type": "string",
                    "default": "RsaSignature2018"
                },
                "created": {
                    "type": "string",
                    "default": "2020-08-28T10:29:57+03:00"
                },
                "creator": {
                    "type": "string",
                    "default": "http://localhost:8080/translator/v1/public.key"
                },
                "signatureValue": {
                    "type": "string",
                    "default": "INIQpTk/Atb4s4OrOLr2wbRlRelr2LpapiyGZLFN1Jn1fYb5PkuZFgEOGUo+dufNgwpIueT/6xsr5Z/g+ANjEKE8vjTsVvuyVgm0JnTE8Fz4Q2YbFtTXCcnFBMxdcgXKlAfk44ZLI32Rc61KfLwX2Juzn9TMF1obp8nVBs69oBHqZ0KYB/vQmeYPUiTQvl/dlYgw5dCIY5i5H0ghjJO0yu2+shFojcseREwzju0KwfW5HiOOzNMxheino/iS0Fq/6jyxX/ro8+zk5QqB/ebUCMDHJQnHtIC27/vN/hXB0CYrjr9qTlxoUAt9i9A8TK21GGWVEqHSklaOZZAzSg43mSe73swjw+QQ7XcSVKPNkFp248a2AjTPmc9itLqT/krQ6e9DuG+tqIYsGOpCC9dDCUJCcnyi9UujIWahYwQoCvnpKMPtxJFs8RYZasodJKyaIsd0ZJdqU6jm0+Gn0WIJCM1yz1y5S1L6urb2C1uei3d0tQcK1GJWGBZ3ssM4qVH0k4qrAL/+xAbfO/FxmG4oX5Qgri/a2pou3dXSSXggRouk4p7u2lHfJl6CY2mvNo8jsoqls4jmqeEFptTO7LiJLjhWyXX3eHnE73zGsVMMKtCOKp9pcwauwYKX/fpPmsr06z8ZFMWbJtQSIkbEVq8w/Z/1GbbHdpmMmXgV45hOYdw="
                }
            },
            "required": [
                "created",
                "creator",
                "signatureValue",
                "type"
            ]
        }
    },
    "required": [
        "@context",
        "data",
        "signature"
    ]
}</msg>
<status status="PASS" starttime="20200828 10:29:57.807" endtime="20200828 10:29:57.809"></status>
</kw>
<status status="PASS" starttime="20200828 10:29:55.790" endtime="20200828 10:29:57.809"></status>
</kw>
<kw name="Integer" library="REST">
<tags>
<tag>assertions</tag>
</tags>
<doc>*Asserts the field as JSON integer.*</doc>
<arguments>
<arg>response status</arg>
<arg>200</arg>
</arguments>
<status status="PASS" starttime="20200828 10:29:57.810" endtime="20200828 10:29:57.810"></status>
</kw>
<kw name="String" library="REST">
<tags>
<tag>assertions</tag>
</tags>
<doc>*Asserts the field as JSON string.*</doc>
<arguments>
<arg>response body @context</arg>
<arg>https://standards.oftrust.net/v2/Context/DataProductOutput/Sensor/</arg>
</arguments>
<status status="PASS" starttime="20200828 10:29:57.811" endtime="20200828 10:29:57.811"></status>
</kw>
<kw name="Array" library="REST">
<tags>
<tag>assertions</tag>
</tags>
<doc>*Asserts the field as JSON array.*</doc>
<arguments>
<arg>response body data sensors</arg>
<arg>maxItems=0</arg>
</arguments>
<status status="PASS" starttime="20200828 10:29:57.811" endtime="20200828 10:29:57.812"></status>
</kw>
<tags>
<tag>bug-0004</tag>
</tags>
<status status="PASS" starttime="20200828 10:29:55.787" endtime="20200828 10:29:57.812" critical="yes"></status>
</test>
<doc>Talotohtori API Tests</doc>
<status status="PASS" starttime="20200828 10:29:47.365" endtime="20200828 10:29:57.814"></status>
</suite>
<statistics>
<total>
<stat pass="5" fail="0">Critical Tests</stat>
<stat pass="5" fail="0">All Tests</stat>
</total>
<tag>
<stat pass="2" fail="0">bug-0001</stat>
<stat pass="1" fail="0">bug-0002</stat>
<stat pass="1" fail="0">bug-0003</stat>
<stat pass="1" fail="0">bug-0004</stat>
</tag>
<suite>
<stat pass="5" fail="0" id="s1" name="Connector Tests">Connector Tests</stat>
</suite>
</statistics>
<errors>
</errors>
</robot>
